<?xml version="1.0" encoding="UTF-8"?>
<coverage generated="1641215580019" clover="3.2.0">
  <project timestamp="1641215580020" name="All files">
    <metrics statements="295" coveredstatements="232" conditionals="122" coveredconditionals="86" methods="116" coveredmethods="85" elements="533" coveredelements="403" complexity="0" loc="295" ncloc="295" packages="6" files="24" classes="24"/>
    <package name="patient-frontend">
      <metrics statements="1" coveredstatements="1" conditionals="2" coveredconditionals="1" methods="0" coveredmethods="0"/>
      <file name="env.js" path="/Users/mohsen/Desktop/foodcoach2/patient-frontend/env.js">
        <metrics statements="1" coveredstatements="1" conditionals="2" coveredconditionals="1" methods="0" coveredmethods="0"/>
        <line num="5" count="1" type="stmt"/>
      </file>
    </package>
    <package name="patient-frontend.src.store.module-diary">
      <metrics statements="133" coveredstatements="106" conditionals="72" coveredconditionals="53" methods="46" coveredmethods="33"/>
      <file name="actions.js" path="/Users/mohsen/Desktop/foodcoach2/patient-frontend/src/store/module-diary/actions.js">
        <metrics statements="96" coveredstatements="79" conditionals="68" coveredconditionals="49" methods="20" coveredmethods="17"/>
        <line num="5" count="1" type="cond" truecount="1" falsecount="1"/>
        <line num="10" count="6" type="cond" truecount="1" falsecount="1"/>
        <line num="15" count="0" type="stmt"/>
        <line num="17" count="6" type="stmt"/>
        <line num="25" count="6" type="cond" truecount="1" falsecount="1"/>
        <line num="26" count="0" type="stmt"/>
        <line num="31" count="6" type="cond" truecount="1" falsecount="1"/>
        <line num="32" count="0" type="stmt"/>
        <line num="33" count="6" type="cond" truecount="1" falsecount="1"/>
        <line num="34" count="6" type="stmt"/>
        <line num="36" count="0" type="stmt"/>
        <line num="42" count="6" type="cond" truecount="3" falsecount="1"/>
        <line num="43" count="0" type="stmt"/>
        <line num="49" count="6" type="stmt"/>
        <line num="56" count="6" type="stmt"/>
        <line num="60" count="6" type="stmt"/>
        <line num="61" count="6" type="cond" truecount="2" falsecount="0"/>
        <line num="62" count="3" type="stmt"/>
        <line num="65" count="6" type="stmt"/>
        <line num="66" count="6" type="stmt"/>
        <line num="67" count="6" type="stmt"/>
        <line num="68" count="6" type="stmt"/>
        <line num="69" count="6" type="stmt"/>
        <line num="70" count="6" type="stmt"/>
        <line num="71" count="6" type="stmt"/>
        <line num="80" count="1" type="cond" truecount="1" falsecount="1"/>
        <line num="81" count="0" type="stmt"/>
        <line num="82" count="1" type="cond" truecount="1" falsecount="1"/>
        <line num="83" count="1" type="stmt"/>
        <line num="84" count="0" type="stmt"/>
        <line num="90" count="1" type="cond" truecount="1" falsecount="1"/>
        <line num="91" count="1" type="cond" truecount="3" falsecount="1"/>
        <line num="92" count="0" type="stmt"/>
        <line num="94" count="1" type="stmt"/>
        <line num="100" count="0" type="stmt"/>
        <line num="102" count="1" type="stmt"/>
        <line num="106" count="1" type="stmt"/>
        <line num="107" count="1" type="stmt"/>
        <line num="112" count="1" type="cond" truecount="1" falsecount="1"/>
        <line num="113" count="1" type="stmt"/>
        <line num="115" count="1" type="stmt"/>
        <line num="122" count="0" type="stmt"/>
        <line num="127" count="1" type="stmt"/>
        <line num="128" count="1" type="cond" truecount="1" falsecount="1"/>
        <line num="130" count="1" type="stmt"/>
        <line num="138" count="1" type="stmt"/>
        <line num="139" count="1" type="stmt"/>
        <line num="142" count="0" type="stmt"/>
        <line num="147" count="1" type="stmt"/>
        <line num="148" count="1" type="cond" truecount="1" falsecount="1"/>
        <line num="150" count="1" type="stmt"/>
        <line num="158" count="1" type="stmt"/>
        <line num="159" count="1" type="stmt"/>
        <line num="162" count="0" type="stmt"/>
        <line num="165" count="1" type="stmt"/>
        <line num="169" count="8" type="cond" truecount="1" falsecount="1"/>
        <line num="174" count="0" type="stmt"/>
        <line num="179" count="8" type="cond" truecount="1" falsecount="1"/>
        <line num="180" count="0" type="stmt"/>
        <line num="181" count="8" type="cond" truecount="2" falsecount="0"/>
        <line num="182" count="7" type="stmt"/>
        <line num="183" count="1" type="stmt"/>
        <line num="185" count="7" type="cond" truecount="3" falsecount="1"/>
        <line num="186" count="0" type="stmt"/>
        <line num="192" count="7" type="stmt"/>
        <line num="201" count="7" type="cond" truecount="2" falsecount="0"/>
        <line num="202" count="6" type="stmt"/>
        <line num="209" count="5" type="stmt"/>
        <line num="213" count="5" type="stmt"/>
        <line num="216" count="1" type="stmt"/>
        <line num="222" count="1" type="stmt"/>
        <line num="228" count="7" type="stmt"/>
        <line num="229" count="7" type="stmt"/>
        <line num="238" count="7" type="cond" truecount="1" falsecount="1"/>
        <line num="239" count="7" type="cond" truecount="2" falsecount="0"/>
        <line num="240" count="6" type="stmt"/>
        <line num="242" count="1" type="stmt"/>
        <line num="247" count="6" type="cond" truecount="2" falsecount="0"/>
        <line num="248" count="5" type="stmt"/>
        <line num="249" count="5" type="cond" truecount="2" falsecount="0"/>
        <line num="250" count="2" type="cond" truecount="2" falsecount="0"/>
        <line num="252" count="1" type="stmt"/>
        <line num="256" count="1" type="stmt"/>
        <line num="263" count="4" type="cond" truecount="1" falsecount="1"/>
        <line num="264" count="0" type="stmt"/>
        <line num="265" count="4" type="cond" truecount="2" falsecount="0"/>
        <line num="266" count="3" type="stmt"/>
        <line num="267" count="1" type="stmt"/>
        <line num="269" count="3" type="cond" truecount="3" falsecount="1"/>
        <line num="270" count="0" type="stmt"/>
        <line num="273" count="3" type="stmt"/>
        <line num="281" count="3" type="stmt"/>
        <line num="289" count="2" type="stmt"/>
        <line num="290" count="2" type="stmt"/>
        <line num="293" count="1" type="stmt"/>
        <line num="298" count="1" type="stmt"/>
      </file>
      <file name="getters.js" path="/Users/mohsen/Desktop/foodcoach2/patient-frontend/src/store/module-diary/getters.js">
        <metrics statements="10" coveredstatements="0" conditionals="0" coveredconditionals="0" methods="10" coveredmethods="0"/>
        <line num="2" count="0" type="stmt"/>
        <line num="6" count="0" type="stmt"/>
        <line num="10" count="0" type="stmt"/>
        <line num="14" count="0" type="stmt"/>
        <line num="18" count="0" type="stmt"/>
        <line num="22" count="0" type="stmt"/>
        <line num="26" count="0" type="stmt"/>
        <line num="30" count="0" type="stmt"/>
        <line num="34" count="0" type="stmt"/>
        <line num="38" count="0" type="stmt"/>
      </file>
      <file name="index.js" path="/Users/mohsen/Desktop/foodcoach2/patient-frontend/src/store/module-diary/index.js">
        <metrics statements="0" coveredstatements="0" conditionals="0" coveredconditionals="0" methods="0" coveredmethods="0"/>
      </file>
      <file name="mutations.js" path="/Users/mohsen/Desktop/foodcoach2/patient-frontend/src/store/module-diary/mutations.js">
        <metrics statements="26" coveredstatements="26" conditionals="4" coveredconditionals="4" methods="15" coveredmethods="15"/>
        <line num="2" count="6" type="stmt"/>
        <line num="6" count="1" type="stmt"/>
        <line num="10" count="1" type="stmt"/>
        <line num="14" count="1" type="stmt"/>
        <line num="18" count="5" type="cond" truecount="2" falsecount="0"/>
        <line num="19" count="1" type="stmt"/>
        <line num="21" count="4" type="stmt"/>
        <line num="25" count="4" type="stmt"/>
        <line num="27" count="3" type="stmt"/>
        <line num="29" count="4" type="stmt"/>
        <line num="30" count="2" type="stmt"/>
        <line num="31" count="2" type="stmt"/>
        <line num="33" count="2" type="stmt"/>
        <line num="38" count="4" type="stmt"/>
        <line num="39" count="3" type="stmt"/>
        <line num="40" count="1" type="stmt"/>
        <line num="45" count="3" type="cond" truecount="2" falsecount="0"/>
        <line num="46" count="2" type="stmt"/>
        <line num="51" count="1" type="stmt"/>
        <line num="52" count="1" type="stmt"/>
        <line num="62" count="7" type="stmt"/>
        <line num="66" count="1" type="stmt"/>
        <line num="67" count="1" type="stmt"/>
        <line num="71" count="1" type="stmt"/>
        <line num="72" count="1" type="stmt"/>
        <line num="76" count="1" type="stmt"/>
      </file>
      <file name="state.js" path="/Users/mohsen/Desktop/foodcoach2/patient-frontend/src/store/module-diary/state.js">
        <metrics statements="1" coveredstatements="1" conditionals="0" coveredconditionals="0" methods="1" coveredmethods="1"/>
        <line num="2" count="18" type="stmt"/>
      </file>
    </package>
    <package name="patient-frontend.src.store.module-diet">
      <metrics statements="51" coveredstatements="47" conditionals="10" coveredconditionals="10" methods="14" coveredmethods="10"/>
      <file name="actions.js" path="/Users/mohsen/Desktop/foodcoach2/patient-frontend/src/store/module-diet/actions.js">
        <metrics statements="6" coveredstatements="6" conditionals="0" coveredconditionals="0" methods="4" coveredmethods="4"/>
        <line num="4" count="2" type="stmt"/>
        <line num="5" count="2" type="stmt"/>
        <line num="10" count="1" type="stmt"/>
        <line num="11" count="1" type="stmt"/>
        <line num="14" count="1" type="stmt"/>
        <line num="18" count="2" type="stmt"/>
      </file>
      <file name="getters.js" path="/Users/mohsen/Desktop/foodcoach2/patient-frontend/src/store/module-diet/getters.js">
        <metrics statements="4" coveredstatements="0" conditionals="0" coveredconditionals="0" methods="4" coveredmethods="0"/>
        <line num="2" count="0" type="stmt"/>
        <line num="6" count="0" type="stmt"/>
        <line num="10" count="0" type="stmt"/>
        <line num="14" count="0" type="stmt"/>
      </file>
      <file name="index.js" path="/Users/mohsen/Desktop/foodcoach2/patient-frontend/src/store/module-diet/index.js">
        <metrics statements="0" coveredstatements="0" conditionals="0" coveredconditionals="0" methods="0" coveredmethods="0"/>
      </file>
      <file name="mutations.js" path="/Users/mohsen/Desktop/foodcoach2/patient-frontend/src/store/module-diet/mutations.js">
        <metrics statements="40" coveredstatements="40" conditionals="10" coveredconditionals="10" methods="5" coveredmethods="5"/>
        <line num="5" count="1" type="stmt"/>
        <line num="10" count="1" type="stmt"/>
        <line num="41" count="1" type="stmt"/>
        <line num="42" count="8" type="stmt"/>
        <line num="43" count="8" type="stmt"/>
        <line num="44" count="56" type="stmt"/>
        <line num="47" count="8" type="stmt"/>
        <line num="51" count="1" type="stmt"/>
        <line num="53" count="1" type="stmt"/>
        <line num="54" count="12" type="cond" truecount="2" falsecount="0"/>
        <line num="55" count="1" type="stmt"/>
        <line num="56" count="11" type="cond" truecount="2" falsecount="0"/>
        <line num="57" count="1" type="stmt"/>
        <line num="58" count="10" type="cond" truecount="2" falsecount="0"/>
        <line num="59" count="1" type="stmt"/>
        <line num="60" count="9" type="cond" truecount="2" falsecount="0"/>
        <line num="61" count="1" type="stmt"/>
        <line num="62" count="8" type="cond" truecount="2" falsecount="0"/>
        <line num="63" count="7" type="stmt"/>
        <line num="64" count="7" type="stmt"/>
        <line num="66" count="7" type="stmt"/>
        <line num="67" count="7" type="stmt"/>
        <line num="68" count="7" type="stmt"/>
        <line num="70" count="7" type="stmt"/>
        <line num="71" count="35" type="stmt"/>
        <line num="72" count="35" type="stmt"/>
        <line num="73" count="35" type="stmt"/>
        <line num="74" count="41" type="stmt"/>
        <line num="77" count="35" type="stmt"/>
        <line num="78" count="35" type="stmt"/>
        <line num="79" count="35" type="stmt"/>
        <line num="80" count="35" type="stmt"/>
        <line num="81" count="35" type="stmt"/>
        <line num="83" count="7" type="stmt"/>
        <line num="84" count="7" type="stmt"/>
        <line num="108" count="1" type="stmt"/>
        <line num="109" count="1" type="stmt"/>
        <line num="110" count="1" type="stmt"/>
        <line num="111" count="1" type="stmt"/>
        <line num="112" count="1" type="stmt"/>
      </file>
      <file name="state.js" path="/Users/mohsen/Desktop/foodcoach2/patient-frontend/src/store/module-diet/state.js">
        <metrics statements="1" coveredstatements="1" conditionals="0" coveredconditionals="0" methods="1" coveredmethods="1"/>
        <line num="2" count="2" type="stmt"/>
      </file>
    </package>
    <package name="patient-frontend.src.store.module-nav">
      <metrics statements="21" coveredstatements="17" conditionals="6" coveredconditionals="2" methods="12" coveredmethods="11"/>
      <file name="actions.js" path="/Users/mohsen/Desktop/foodcoach2/patient-frontend/src/store/module-nav/actions.js">
        <metrics statements="5" coveredstatements="5" conditionals="0" coveredconditionals="0" methods="5" coveredmethods="5"/>
        <line num="2" count="10" type="stmt"/>
        <line num="6" count="1" type="stmt"/>
        <line num="10" count="1" type="stmt"/>
        <line num="14" count="1" type="stmt"/>
        <line num="18" count="2" type="stmt"/>
      </file>
      <file name="getters.js" path="/Users/mohsen/Desktop/foodcoach2/patient-frontend/src/store/module-nav/getters.js">
        <metrics statements="4" coveredstatements="0" conditionals="2" coveredconditionals="0" methods="1" coveredmethods="0"/>
        <line num="2" count="0" type="cond" truecount="0" falsecount="2"/>
        <line num="3" count="0" type="stmt"/>
        <line num="4" count="0" type="stmt"/>
        <line num="7" count="0" type="stmt"/>
      </file>
      <file name="index.js" path="/Users/mohsen/Desktop/foodcoach2/patient-frontend/src/store/module-nav/index.js">
        <metrics statements="0" coveredstatements="0" conditionals="0" coveredconditionals="0" methods="0" coveredmethods="0"/>
      </file>
      <file name="mutations.js" path="/Users/mohsen/Desktop/foodcoach2/patient-frontend/src/store/module-nav/mutations.js">
        <metrics statements="11" coveredstatements="11" conditionals="4" coveredconditionals="2" methods="5" coveredmethods="5"/>
        <line num="2" count="10" type="stmt"/>
        <line num="6" count="1" type="stmt"/>
        <line num="10" count="1" type="stmt"/>
        <line num="14" count="1" type="stmt"/>
        <line num="15" count="1" type="cond" truecount="1" falsecount="1"/>
        <line num="16" count="1" type="stmt"/>
        <line num="17" count="1" type="stmt"/>
        <line num="22" count="2" type="stmt"/>
        <line num="23" count="2" type="cond" truecount="1" falsecount="1"/>
        <line num="24" count="2" type="stmt"/>
        <line num="25" count="2" type="stmt"/>
      </file>
      <file name="state.js" path="/Users/mohsen/Desktop/foodcoach2/patient-frontend/src/store/module-nav/state.js">
        <metrics statements="1" coveredstatements="1" conditionals="0" coveredconditionals="0" methods="1" coveredmethods="1"/>
        <line num="2" count="6" type="stmt"/>
      </file>
    </package>
    <package name="patient-frontend.src.store.module-weight">
      <metrics statements="70" coveredstatements="44" conditionals="32" coveredconditionals="20" methods="25" coveredmethods="14"/>
      <file name="actions.js" path="/Users/mohsen/Desktop/foodcoach2/patient-frontend/src/store/module-weight/actions.js">
        <metrics statements="41" coveredstatements="27" conditionals="28" coveredconditionals="18" methods="12" coveredmethods="8"/>
        <line num="5" count="1" type="cond" truecount="1" falsecount="1"/>
        <line num="6" count="0" type="stmt"/>
        <line num="7" count="1" type="cond" truecount="1" falsecount="1"/>
        <line num="8" count="1" type="stmt"/>
        <line num="9" count="0" type="stmt"/>
        <line num="13" count="1" type="cond" truecount="3" falsecount="1"/>
        <line num="14" count="0" type="stmt"/>
        <line num="15" count="1" type="stmt"/>
        <line num="17" count="1" type="stmt"/>
        <line num="22" count="1" type="stmt"/>
        <line num="23" count="1" type="stmt"/>
        <line num="26" count="0" type="stmt"/>
        <line num="33" count="3" type="cond" truecount="3" falsecount="1"/>
        <line num="34" count="0" type="stmt"/>
        <line num="37" count="3" type="cond" truecount="1" falsecount="1"/>
        <line num="38" count="0" type="stmt"/>
        <line num="39" count="3" type="cond" truecount="1" falsecount="1"/>
        <line num="40" count="3" type="stmt"/>
        <line num="41" count="0" type="stmt"/>
        <line num="44" count="3" type="cond" truecount="3" falsecount="1"/>
        <line num="45" count="0" type="stmt"/>
        <line num="46" count="3" type="stmt"/>
        <line num="48" count="3" type="stmt"/>
        <line num="55" count="3" type="stmt"/>
        <line num="56" count="3" type="stmt"/>
        <line num="59" count="0" type="stmt"/>
        <line num="66" count="1" type="cond" truecount="1" falsecount="1"/>
        <line num="69" count="1" type="cond" truecount="1" falsecount="1"/>
        <line num="70" count="0" type="stmt"/>
        <line num="72" count="1" type="stmt"/>
        <line num="79" count="1" type="stmt"/>
        <line num="80" count="1" type="stmt"/>
        <line num="83" count="0" type="stmt"/>
        <line num="90" count="1" type="cond" truecount="3" falsecount="1"/>
        <line num="91" count="0" type="stmt"/>
        <line num="95" count="1" type="stmt"/>
        <line num="97" count="1" type="stmt"/>
        <line num="100" count="1" type="stmt"/>
        <line num="101" count="1" type="stmt"/>
        <line num="104" count="0" type="stmt"/>
        <line num="105" count="0" type="stmt"/>
      </file>
      <file name="getters.js" path="/Users/mohsen/Desktop/foodcoach2/patient-frontend/src/store/module-weight/getters.js">
        <metrics statements="5" coveredstatements="0" conditionals="0" coveredconditionals="0" methods="5" coveredmethods="0"/>
        <line num="2" count="0" type="stmt"/>
        <line num="6" count="0" type="stmt"/>
        <line num="10" count="0" type="stmt"/>
        <line num="11" count="0" type="stmt"/>
        <line num="12" count="0" type="stmt"/>
      </file>
      <file name="index.js" path="/Users/mohsen/Desktop/foodcoach2/patient-frontend/src/store/module-weight/index.js">
        <metrics statements="0" coveredstatements="0" conditionals="0" coveredconditionals="0" methods="0" coveredmethods="0"/>
      </file>
      <file name="mutations.js" path="/Users/mohsen/Desktop/foodcoach2/patient-frontend/src/store/module-weight/mutations.js">
        <metrics statements="23" coveredstatements="16" conditionals="4" coveredconditionals="2" methods="7" coveredmethods="5"/>
        <line num="3" count="1" type="stmt"/>
        <line num="4" count="1" type="stmt"/>
        <line num="7" count="1" type="cond" truecount="1" falsecount="1"/>
        <line num="8" count="1" type="stmt"/>
        <line num="9" count="1" type="cond" truecount="1" falsecount="1"/>
        <line num="10" count="1" type="stmt"/>
        <line num="12" count="0" type="stmt"/>
        <line num="17" count="3" type="stmt"/>
        <line num="18" count="3" type="stmt"/>
        <line num="19" count="0" type="stmt"/>
        <line num="20" count="0" type="stmt"/>
        <line num="21" count="0" type="stmt"/>
        <line num="26" count="1" type="stmt"/>
        <line num="27" count="1" type="stmt"/>
        <line num="29" count="1" type="stmt"/>
        <line num="30" count="1" type="stmt"/>
        <line num="34" count="1" type="stmt"/>
        <line num="36" count="1" type="stmt"/>
        <line num="37" count="0" type="stmt"/>
        <line num="38" count="0" type="stmt"/>
        <line num="39" count="0" type="stmt"/>
        <line num="44" count="1" type="stmt"/>
        <line num="45" count="1" type="stmt"/>
      </file>
      <file name="state.js" path="/Users/mohsen/Desktop/foodcoach2/patient-frontend/src/store/module-weight/state.js">
        <metrics statements="1" coveredstatements="1" conditionals="0" coveredconditionals="0" methods="1" coveredmethods="1"/>
        <line num="2" count="4" type="stmt"/>
      </file>
    </package>
    <package name="patient-frontend.tests.unit">
      <metrics statements="19" coveredstatements="17" conditionals="0" coveredconditionals="0" methods="19" coveredmethods="17"/>
      <file name="mock-data-diary.js" path="/Users/mohsen/Desktop/foodcoach2/patient-frontend/tests/unit/mock-data-diary.js">
        <metrics statements="14" coveredstatements="12" conditionals="0" coveredconditionals="0" methods="14" coveredmethods="12"/>
        <line num="4" count="19" type="stmt"/>
        <line num="8" count="0" type="stmt"/>
        <line num="26" count="14" type="stmt"/>
        <line num="43" count="3" type="stmt"/>
        <line num="55" count="5" type="stmt"/>
        <line num="74" count="3" type="stmt"/>
        <line num="92" count="1" type="stmt"/>
        <line num="102" count="0" type="stmt"/>
        <line num="120" count="1" type="stmt"/>
        <line num="198" count="2" type="stmt"/>
        <line num="224" count="1" type="stmt"/>
        <line num="265" count="2" type="stmt"/>
        <line num="269" count="2" type="stmt"/>
        <line num="350" count="1" type="stmt"/>
      </file>
      <file name="mock-data-diet.js" path="/Users/mohsen/Desktop/foodcoach2/patient-frontend/tests/unit/mock-data-diet.js">
        <metrics statements="1" coveredstatements="1" conditionals="0" coveredconditionals="0" methods="1" coveredmethods="1"/>
        <line num="4" count="4" type="stmt"/>
      </file>
      <file name="mock-data-weight.js" path="/Users/mohsen/Desktop/foodcoach2/patient-frontend/tests/unit/mock-data-weight.js">
        <metrics statements="4" coveredstatements="4" conditionals="0" coveredconditionals="0" methods="4" coveredmethods="4"/>
        <line num="3" count="2" type="stmt"/>
        <line num="44" count="4" type="stmt"/>
        <line num="52" count="5" type="stmt"/>
        <line num="61" count="2" type="stmt"/>
      </file>
    </package>
  </project>
</coverage>
