{"/Users/mohsen/Desktop/foodcoach2/patient-frontend/env.js": {"path":"/Users/mohsen/Desktop/foodcoach2/patient-frontend/env.js","statementMap":{"0":{"start":{"line":5,"column":12},"end":{"line":12,"column":1}}},"fnMap":{},"branchMap":{"0":{"loc":{"start":{"line":11,"column":4},"end":{"line":11,"column":32}},"type":"cond-expr","locations":[{"start":{"line":11,"column":17},"end":{"line":11,"column":27}},{"start":{"line":11,"column":30},"end":{"line":11,"column":32}}],"line":11}},"s":{"0":1},"f":{},"b":{"0":[0,1]},"_coverageSchema":"43e27e138ebf9cfc5966b082cf9a028302ed4184","hash":"abb422f8bb61520f826145ac11c635cf1d1c93d8"}
,"/Users/mohsen/Desktop/foodcoach2/patient-frontend/src/store/module-diary/actions.js": {"path":"/Users/mohsen/Desktop/foodcoach2/patient-frontend/src/store/module-diary/actions.js","statementMap":{"0":{"start":{"line":5,"column":4},"end":{"line":5,"column":73}},"1":{"start":{"line":10,"column":4},"end":{"line":15,"column":78}},"2":{"start":{"line":15,"column":8},"end":{"line":15,"column":78}},"3":{"start":{"line":17,"column":16},"end":{"line":24,"column":5}},"4":{"start":{"line":25,"column":4},"end":{"line":28,"column":10}},"5":{"start":{"line":26,"column":8},"end":{"line":28,"column":10}},"6":{"start":{"line":31,"column":4},"end":{"line":38,"column":10}},"7":{"start":{"line":32,"column":8},"end":{"line":32,"column":75}},"8":{"start":{"line":33,"column":9},"end":{"line":38,"column":10}},"9":{"start":{"line":34,"column":8},"end":{"line":34,"column":63}},"10":{"start":{"line":36,"column":8},"end":{"line":38,"column":10}},"11":{"start":{"line":42,"column":4},"end":{"line":55,"column":39}},"12":{"start":{"line":43,"column":8},"end":{"line":47,"column":39}},"13":{"start":{"line":49,"column":8},"end":{"line":55,"column":39}},"14":{"start":{"line":56,"column":4},"end":{"line":72,"column":7}},"15":{"start":{"line":60,"column":25},"end":{"line":60,"column":38}},"16":{"start":{"line":61,"column":8},"end":{"line":63,"column":9}},"17":{"start":{"line":62,"column":12},"end":{"line":62,"column":39}},"18":{"start":{"line":65,"column":8},"end":{"line":65,"column":57}},"19":{"start":{"line":66,"column":8},"end":{"line":66,"column":57}},"20":{"start":{"line":67,"column":8},"end":{"line":67,"column":47}},"21":{"start":{"line":68,"column":8},"end":{"line":68,"column":53}},"22":{"start":{"line":69,"column":8},"end":{"line":69,"column":59}},"23":{"start":{"line":70,"column":8},"end":{"line":70,"column":51}},"24":{"start":{"line":71,"column":8},"end":{"line":71,"column":25}},"25":{"start":{"line":80,"column":4},"end":{"line":84,"column":55}},"26":{"start":{"line":81,"column":8},"end":{"line":81,"column":75}},"27":{"start":{"line":82,"column":9},"end":{"line":84,"column":55}},"28":{"start":{"line":83,"column":8},"end":{"line":83,"column":63}},"29":{"start":{"line":84,"column":9},"end":{"line":84,"column":55}},"30":{"start":{"line":90,"column":4},"end":{"line":100,"column":51}},"31":{"start":{"line":91,"column":8},"end":{"line":99,"column":28}},"32":{"start":{"line":92,"column":12},"end":{"line":92,"column":59}},"33":{"start":{"line":94,"column":12},"end":{"line":99,"column":28}},"34":{"start":{"line":100,"column":11},"end":{"line":100,"column":51}},"35":{"start":{"line":102,"column":4},"end":{"line":108,"column":7}},"36":{"start":{"line":106,"column":8},"end":{"line":106,"column":58}},"37":{"start":{"line":107,"column":8},"end":{"line":107,"column":25}},"38":{"start":{"line":112,"column":4},"end":{"line":112,"column":57}},"39":{"start":{"line":112,"column":17},"end":{"line":112,"column":57}},"40":{"start":{"line":113,"column":21},"end":{"line":113,"column":53}},"41":{"start":{"line":115,"column":4},"end":{"line":123,"column":7}},"42":{"start":{"line":122,"column":8},"end":{"line":122,"column":77}},"43":{"start":{"line":127,"column":21},"end":{"line":127,"column":53}},"44":{"start":{"line":128,"column":4},"end":{"line":128,"column":57}},"45":{"start":{"line":128,"column":17},"end":{"line":128,"column":57}},"46":{"start":{"line":130,"column":4},"end":{"line":143,"column":11}},"47":{"start":{"line":138,"column":12},"end":{"line":138,"column":54}},"48":{"start":{"line":139,"column":12},"end":{"line":139,"column":46}},"49":{"start":{"line":142,"column":12},"end":{"line":142,"column":55}},"50":{"start":{"line":147,"column":21},"end":{"line":147,"column":58}},"51":{"start":{"line":148,"column":4},"end":{"line":148,"column":55}},"52":{"start":{"line":148,"column":16},"end":{"line":148,"column":55}},"53":{"start":{"line":150,"column":17},"end":{"line":163,"column":10}},"54":{"start":{"line":158,"column":12},"end":{"line":158,"column":50}},"55":{"start":{"line":159,"column":12},"end":{"line":159,"column":46}},"56":{"start":{"line":162,"column":12},"end":{"line":162,"column":55}},"57":{"start":{"line":165,"column":4},"end":{"line":165,"column":18}},"58":{"start":{"line":169,"column":4},"end":{"line":174,"column":70}},"59":{"start":{"line":174,"column":8},"end":{"line":174,"column":70}},"60":{"start":{"line":179,"column":4},"end":{"line":183,"column":62}},"61":{"start":{"line":180,"column":8},"end":{"line":180,"column":75}},"62":{"start":{"line":181,"column":9},"end":{"line":183,"column":62}},"63":{"start":{"line":182,"column":8},"end":{"line":182,"column":63}},"64":{"start":{"line":183,"column":9},"end":{"line":183,"column":62}},"65":{"start":{"line":185,"column":4},"end":{"line":199,"column":5}},"66":{"start":{"line":186,"column":8},"end":{"line":190,"column":39}},"67":{"start":{"line":192,"column":8},"end":{"line":198,"column":39}},"68":{"start":{"line":201,"column":4},"end":{"line":224,"column":10}},"69":{"start":{"line":202,"column":8},"end":{"line":220,"column":15}},"70":{"start":{"line":209,"column":16},"end":{"line":212,"column":18}},"71":{"start":{"line":213,"column":16},"end":{"line":213,"column":50}},"72":{"start":{"line":216,"column":16},"end":{"line":219,"column":18}},"73":{"start":{"line":222,"column":8},"end":{"line":224,"column":10}},"74":{"start":{"line":228,"column":4},"end":{"line":228,"column":49}},"75":{"start":{"line":229,"column":4},"end":{"line":229,"column":21}},"76":{"start":{"line":238,"column":4},"end":{"line":244,"column":10}},"77":{"start":{"line":238,"column":34},"end":{"line":238,"column":68}},"78":{"start":{"line":239,"column":9},"end":{"line":244,"column":10}},"79":{"start":{"line":240,"column":8},"end":{"line":240,"column":54}},"80":{"start":{"line":242,"column":8},"end":{"line":244,"column":10}},"81":{"start":{"line":247,"column":4},"end":{"line":258,"column":10}},"82":{"start":{"line":248,"column":21},"end":{"line":248,"column":35}},"83":{"start":{"line":249,"column":8},"end":{"line":254,"column":14}},"84":{"start":{"line":249,"column":30},"end":{"line":249,"column":53}},"85":{"start":{"line":250,"column":13},"end":{"line":254,"column":14}},"86":{"start":{"line":250,"column":38},"end":{"line":250,"column":64}},"87":{"start":{"line":252,"column":12},"end":{"line":254,"column":14}},"88":{"start":{"line":256,"column":8},"end":{"line":258,"column":10}},"89":{"start":{"line":263,"column":4},"end":{"line":267,"column":62}},"90":{"start":{"line":264,"column":8},"end":{"line":264,"column":75}},"91":{"start":{"line":265,"column":9},"end":{"line":267,"column":62}},"92":{"start":{"line":266,"column":8},"end":{"line":266,"column":63}},"93":{"start":{"line":267,"column":9},"end":{"line":267,"column":62}},"94":{"start":{"line":269,"column":4},"end":{"line":279,"column":27}},"95":{"start":{"line":270,"column":8},"end":{"line":271,"column":76}},"96":{"start":{"line":273,"column":8},"end":{"line":279,"column":27}},"97":{"start":{"line":281,"column":4},"end":{"line":294,"column":10}},"98":{"start":{"line":289,"column":12},"end":{"line":289,"column":35}},"99":{"start":{"line":290,"column":12},"end":{"line":290,"column":46}},"100":{"start":{"line":293,"column":12},"end":{"line":293,"column":78}},"101":{"start":{"line":298,"column":4},"end":{"line":298,"column":51}}},"fnMap":{"0":{"name":"setDiaryMeal","decl":{"start":{"line":7,"column":16},"end":{"line":7,"column":28}},"loc":{"start":{"line":7,"column":55},"end":{"line":73,"column":1}},"line":7},"1":{"name":"(anonymous_1)","decl":{"start":{"line":59,"column":12},"end":{"line":59,"column":13}},"loc":{"start":{"line":59,"column":26},"end":{"line":72,"column":5}},"line":59},"2":{"name":"setDiaryOverview","decl":{"start":{"line":75,"column":16},"end":{"line":75,"column":32}},"loc":{"start":{"line":75,"column":46},"end":{"line":109,"column":1}},"line":75},"3":{"name":"(anonymous_3)","decl":{"start":{"line":105,"column":12},"end":{"line":105,"column":13}},"loc":{"start":{"line":105,"column":26},"end":{"line":108,"column":5}},"line":105},"4":{"name":"getFoodById","decl":{"start":{"line":111,"column":16},"end":{"line":111,"column":27}},"loc":{"start":{"line":111,"column":39},"end":{"line":124,"column":1}},"line":111},"5":{"name":"(anonymous_5)","decl":{"start":{"line":121,"column":13},"end":{"line":121,"column":14}},"loc":{"start":{"line":121,"column":20},"end":{"line":123,"column":5}},"line":121},"6":{"name":"setDiaryRecommendedFoods","decl":{"start":{"line":126,"column":16},"end":{"line":126,"column":40}},"loc":{"start":{"line":126,"column":61},"end":{"line":144,"column":1}},"line":126},"7":{"name":"(anonymous_7)","decl":{"start":{"line":137,"column":14},"end":{"line":137,"column":15}},"loc":{"start":{"line":137,"column":23},"end":{"line":140,"column":9}},"line":137},"8":{"name":"(anonymous_8)","decl":{"start":{"line":141,"column":15},"end":{"line":141,"column":16}},"loc":{"start":{"line":141,"column":24},"end":{"line":143,"column":9}},"line":141},"9":{"name":"getFoodSearchResults","decl":{"start":{"line":146,"column":16},"end":{"line":146,"column":36}},"loc":{"start":{"line":146,"column":53},"end":{"line":166,"column":1}},"line":146},"10":{"name":"(anonymous_10)","decl":{"start":{"line":157,"column":14},"end":{"line":157,"column":15}},"loc":{"start":{"line":157,"column":23},"end":{"line":160,"column":9}},"line":157},"11":{"name":"(anonymous_11)","decl":{"start":{"line":161,"column":15},"end":{"line":161,"column":16}},"loc":{"start":{"line":161,"column":24},"end":{"line":163,"column":9}},"line":161},"12":{"name":"addConsumedFoodToDiaryMeal","decl":{"start":{"line":168,"column":16},"end":{"line":168,"column":42}},"loc":{"start":{"line":168,"column":69},"end":{"line":225,"column":1}},"line":168},"13":{"name":"(anonymous_13)","decl":{"start":{"line":208,"column":18},"end":{"line":208,"column":19}},"loc":{"start":{"line":208,"column":24},"end":{"line":214,"column":13}},"line":208},"14":{"name":"(anonymous_14)","decl":{"start":{"line":215,"column":19},"end":{"line":215,"column":20}},"loc":{"start":{"line":215,"column":28},"end":{"line":220,"column":13}},"line":215},"15":{"name":"setOverviewDate","decl":{"start":{"line":227,"column":16},"end":{"line":227,"column":31}},"loc":{"start":{"line":227,"column":50},"end":{"line":230,"column":1}},"line":227},"16":{"name":"modifyWater","decl":{"start":{"line":232,"column":16},"end":{"line":232,"column":27}},"loc":{"start":{"line":232,"column":44},"end":{"line":295,"column":1}},"line":232},"17":{"name":"(anonymous_17)","decl":{"start":{"line":288,"column":14},"end":{"line":288,"column":15}},"loc":{"start":{"line":288,"column":20},"end":{"line":291,"column":9}},"line":288},"18":{"name":"(anonymous_18)","decl":{"start":{"line":292,"column":15},"end":{"line":292,"column":16}},"loc":{"start":{"line":293,"column":12},"end":{"line":293,"column":78}},"line":293},"19":{"name":"setOverviewSelectedMeal","decl":{"start":{"line":297,"column":16},"end":{"line":297,"column":39}},"loc":{"start":{"line":297,"column":62},"end":{"line":299,"column":1}},"line":297}},"branchMap":{"0":{"loc":{"start":{"line":5,"column":4},"end":{"line":5,"column":73}},"type":"binary-expr","locations":[{"start":{"line":5,"column":4},"end":{"line":5,"column":28}},{"start":{"line":5,"column":32},"end":{"line":5,"column":73}}],"line":5},"1":{"loc":{"start":{"line":10,"column":4},"end":{"line":15,"column":78}},"type":"if","locations":[{"start":{"line":10,"column":4},"end":{"line":15,"column":78}},{"start":{"line":10,"column":4},"end":{"line":15,"column":78}}],"line":10},"2":{"loc":{"start":{"line":11,"column":8},"end":{"line":13,"column":35}},"type":"binary-expr","locations":[{"start":{"line":11,"column":8},"end":{"line":11,"column":26}},{"start":{"line":12,"column":8},"end":{"line":12,"column":31}},{"start":{"line":13,"column":8},"end":{"line":13,"column":35}}],"line":11},"3":{"loc":{"start":{"line":25,"column":4},"end":{"line":28,"column":10}},"type":"if","locations":[{"start":{"line":25,"column":4},"end":{"line":28,"column":10}},{"start":{"line":25,"column":4},"end":{"line":28,"column":10}}],"line":25},"4":{"loc":{"start":{"line":31,"column":4},"end":{"line":38,"column":10}},"type":"if","locations":[{"start":{"line":31,"column":4},"end":{"line":38,"column":10}},{"start":{"line":31,"column":4},"end":{"line":38,"column":10}}],"line":31},"5":{"loc":{"start":{"line":33,"column":9},"end":{"line":38,"column":10}},"type":"if","locations":[{"start":{"line":33,"column":9},"end":{"line":38,"column":10}},{"start":{"line":33,"column":9},"end":{"line":38,"column":10}}],"line":33},"6":{"loc":{"start":{"line":42,"column":4},"end":{"line":55,"column":39}},"type":"if","locations":[{"start":{"line":42,"column":4},"end":{"line":55,"column":39}},{"start":{"line":42,"column":4},"end":{"line":55,"column":39}}],"line":42},"7":{"loc":{"start":{"line":42,"column":8},"end":{"line":42,"column":62}},"type":"binary-expr","locations":[{"start":{"line":42,"column":8},"end":{"line":42,"column":30}},{"start":{"line":42,"column":34},"end":{"line":42,"column":62}}],"line":42},"8":{"loc":{"start":{"line":61,"column":8},"end":{"line":63,"column":9}},"type":"if","locations":[{"start":{"line":61,"column":8},"end":{"line":63,"column":9}},{"start":{"line":61,"column":8},"end":{"line":63,"column":9}}],"line":61},"9":{"loc":{"start":{"line":80,"column":4},"end":{"line":84,"column":55}},"type":"if","locations":[{"start":{"line":80,"column":4},"end":{"line":84,"column":55}},{"start":{"line":80,"column":4},"end":{"line":84,"column":55}}],"line":80},"10":{"loc":{"start":{"line":82,"column":9},"end":{"line":84,"column":55}},"type":"if","locations":[{"start":{"line":82,"column":9},"end":{"line":84,"column":55}},{"start":{"line":82,"column":9},"end":{"line":84,"column":55}}],"line":82},"11":{"loc":{"start":{"line":90,"column":4},"end":{"line":100,"column":51}},"type":"if","locations":[{"start":{"line":90,"column":4},"end":{"line":100,"column":51}},{"start":{"line":90,"column":4},"end":{"line":100,"column":51}}],"line":90},"12":{"loc":{"start":{"line":91,"column":8},"end":{"line":99,"column":28}},"type":"if","locations":[{"start":{"line":91,"column":8},"end":{"line":99,"column":28}},{"start":{"line":91,"column":8},"end":{"line":99,"column":28}}],"line":91},"13":{"loc":{"start":{"line":91,"column":12},"end":{"line":91,"column":66}},"type":"binary-expr","locations":[{"start":{"line":91,"column":12},"end":{"line":91,"column":34}},{"start":{"line":91,"column":38},"end":{"line":91,"column":66}}],"line":91},"14":{"loc":{"start":{"line":112,"column":4},"end":{"line":112,"column":57}},"type":"if","locations":[{"start":{"line":112,"column":4},"end":{"line":112,"column":57}},{"start":{"line":112,"column":4},"end":{"line":112,"column":57}}],"line":112},"15":{"loc":{"start":{"line":128,"column":4},"end":{"line":128,"column":57}},"type":"if","locations":[{"start":{"line":128,"column":4},"end":{"line":128,"column":57}},{"start":{"line":128,"column":4},"end":{"line":128,"column":57}}],"line":128},"16":{"loc":{"start":{"line":148,"column":4},"end":{"line":148,"column":55}},"type":"if","locations":[{"start":{"line":148,"column":4},"end":{"line":148,"column":55}},{"start":{"line":148,"column":4},"end":{"line":148,"column":55}}],"line":148},"17":{"loc":{"start":{"line":169,"column":4},"end":{"line":174,"column":70}},"type":"if","locations":[{"start":{"line":169,"column":4},"end":{"line":174,"column":70}},{"start":{"line":169,"column":4},"end":{"line":174,"column":70}}],"line":169},"18":{"loc":{"start":{"line":170,"column":8},"end":{"line":172,"column":35}},"type":"binary-expr","locations":[{"start":{"line":170,"column":8},"end":{"line":170,"column":26}},{"start":{"line":171,"column":8},"end":{"line":171,"column":31}},{"start":{"line":172,"column":8},"end":{"line":172,"column":35}}],"line":170},"19":{"loc":{"start":{"line":179,"column":4},"end":{"line":183,"column":62}},"type":"if","locations":[{"start":{"line":179,"column":4},"end":{"line":183,"column":62}},{"start":{"line":179,"column":4},"end":{"line":183,"column":62}}],"line":179},"20":{"loc":{"start":{"line":181,"column":9},"end":{"line":183,"column":62}},"type":"if","locations":[{"start":{"line":181,"column":9},"end":{"line":183,"column":62}},{"start":{"line":181,"column":9},"end":{"line":183,"column":62}}],"line":181},"21":{"loc":{"start":{"line":185,"column":4},"end":{"line":199,"column":5}},"type":"if","locations":[{"start":{"line":185,"column":4},"end":{"line":199,"column":5}},{"start":{"line":185,"column":4},"end":{"line":199,"column":5}}],"line":185},"22":{"loc":{"start":{"line":185,"column":8},"end":{"line":185,"column":62}},"type":"binary-expr","locations":[{"start":{"line":185,"column":8},"end":{"line":185,"column":30}},{"start":{"line":185,"column":34},"end":{"line":185,"column":62}}],"line":185},"23":{"loc":{"start":{"line":201,"column":4},"end":{"line":224,"column":10}},"type":"if","locations":[{"start":{"line":201,"column":4},"end":{"line":224,"column":10}},{"start":{"line":201,"column":4},"end":{"line":224,"column":10}}],"line":201},"24":{"loc":{"start":{"line":238,"column":4},"end":{"line":244,"column":10}},"type":"if","locations":[{"start":{"line":238,"column":4},"end":{"line":244,"column":10}},{"start":{"line":238,"column":4},"end":{"line":244,"column":10}}],"line":238},"25":{"loc":{"start":{"line":239,"column":9},"end":{"line":244,"column":10}},"type":"if","locations":[{"start":{"line":239,"column":9},"end":{"line":244,"column":10}},{"start":{"line":239,"column":9},"end":{"line":244,"column":10}}],"line":239},"26":{"loc":{"start":{"line":247,"column":4},"end":{"line":258,"column":10}},"type":"if","locations":[{"start":{"line":247,"column":4},"end":{"line":258,"column":10}},{"start":{"line":247,"column":4},"end":{"line":258,"column":10}}],"line":247},"27":{"loc":{"start":{"line":249,"column":8},"end":{"line":254,"column":14}},"type":"if","locations":[{"start":{"line":249,"column":8},"end":{"line":254,"column":14}},{"start":{"line":249,"column":8},"end":{"line":254,"column":14}}],"line":249},"28":{"loc":{"start":{"line":250,"column":13},"end":{"line":254,"column":14}},"type":"if","locations":[{"start":{"line":250,"column":13},"end":{"line":254,"column":14}},{"start":{"line":250,"column":13},"end":{"line":254,"column":14}}],"line":250},"29":{"loc":{"start":{"line":263,"column":4},"end":{"line":267,"column":62}},"type":"if","locations":[{"start":{"line":263,"column":4},"end":{"line":267,"column":62}},{"start":{"line":263,"column":4},"end":{"line":267,"column":62}}],"line":263},"30":{"loc":{"start":{"line":265,"column":9},"end":{"line":267,"column":62}},"type":"if","locations":[{"start":{"line":265,"column":9},"end":{"line":267,"column":62}},{"start":{"line":265,"column":9},"end":{"line":267,"column":62}}],"line":265},"31":{"loc":{"start":{"line":269,"column":4},"end":{"line":279,"column":27}},"type":"if","locations":[{"start":{"line":269,"column":4},"end":{"line":279,"column":27}},{"start":{"line":269,"column":4},"end":{"line":279,"column":27}}],"line":269},"32":{"loc":{"start":{"line":269,"column":8},"end":{"line":269,"column":62}},"type":"binary-expr","locations":[{"start":{"line":269,"column":8},"end":{"line":269,"column":30}},{"start":{"line":269,"column":34},"end":{"line":269,"column":62}}],"line":269}},"s":{"0":1,"1":6,"2":0,"3":6,"4":6,"5":0,"6":6,"7":0,"8":6,"9":6,"10":0,"11":6,"12":0,"13":6,"14":6,"15":6,"16":6,"17":3,"18":6,"19":6,"20":6,"21":6,"22":6,"23":6,"24":6,"25":1,"26":0,"27":1,"28":1,"29":0,"30":1,"31":1,"32":0,"33":1,"34":0,"35":1,"36":1,"37":1,"38":1,"39":0,"40":1,"41":1,"42":0,"43":1,"44":1,"45":0,"46":1,"47":1,"48":1,"49":0,"50":1,"51":1,"52":0,"53":1,"54":1,"55":1,"56":0,"57":1,"58":8,"59":0,"60":8,"61":0,"62":8,"63":7,"64":1,"65":7,"66":0,"67":7,"68":7,"69":6,"70":5,"71":5,"72":1,"73":1,"74":7,"75":7,"76":7,"77":0,"78":7,"79":6,"80":1,"81":6,"82":5,"83":5,"84":3,"85":2,"86":1,"87":1,"88":1,"89":4,"90":0,"91":4,"92":3,"93":1,"94":3,"95":0,"96":3,"97":3,"98":2,"99":2,"100":1,"101":1},"f":{"0":6,"1":6,"2":1,"3":1,"4":1,"5":0,"6":1,"7":1,"8":0,"9":1,"10":1,"11":0,"12":8,"13":5,"14":1,"15":7,"16":7,"17":2,"18":1,"19":1},"b":{"0":[1,0],"1":[0,6],"2":[6,6,6],"3":[0,6],"4":[0,6],"5":[6,0],"6":[0,6],"7":[6,6],"8":[3,3],"9":[0,1],"10":[1,0],"11":[1,0],"12":[0,1],"13":[1,1],"14":[0,1],"15":[0,1],"16":[0,1],"17":[0,8],"18":[8,8,8],"19":[0,8],"20":[7,1],"21":[0,7],"22":[7,7],"23":[6,1],"24":[0,7],"25":[6,1],"26":[5,1],"27":[3,2],"28":[1,1],"29":[0,4],"30":[3,1],"31":[0,3],"32":[3,3]},"_coverageSchema":"43e27e138ebf9cfc5966b082cf9a028302ed4184","hash":"ed4615c55550975a2cae99402052a672bbe88a9d"}
,"/Users/mohsen/Desktop/foodcoach2/patient-frontend/src/store/module-diary/getters.js": {"path":"/Users/mohsen/Desktop/foodcoach2/patient-frontend/src/store/module-diary/getters.js","statementMap":{"0":{"start":{"line":2,"column":4},"end":{"line":2,"column":22}},"1":{"start":{"line":6,"column":4},"end":{"line":6,"column":31}},"2":{"start":{"line":10,"column":4},"end":{"line":10,"column":39}},"3":{"start":{"line":14,"column":4},"end":{"line":14,"column":45}},"4":{"start":{"line":18,"column":4},"end":{"line":18,"column":30}},"5":{"start":{"line":22,"column":4},"end":{"line":22,"column":33}},"6":{"start":{"line":26,"column":4},"end":{"line":26,"column":46}},"7":{"start":{"line":30,"column":4},"end":{"line":30,"column":79}},"8":{"start":{"line":34,"column":4},"end":{"line":34,"column":30}},"9":{"start":{"line":38,"column":4},"end":{"line":38,"column":30}}},"fnMap":{"0":{"name":"getDiaryMeal","decl":{"start":{"line":1,"column":16},"end":{"line":1,"column":28}},"loc":{"start":{"line":1,"column":36},"end":{"line":3,"column":1}},"line":1},"1":{"name":"getDiaryOverview","decl":{"start":{"line":5,"column":16},"end":{"line":5,"column":32}},"loc":{"start":{"line":5,"column":40},"end":{"line":7,"column":1}},"line":5},"2":{"name":"getDiaryMealRecommendedFoodsIds","decl":{"start":{"line":9,"column":16},"end":{"line":9,"column":47}},"loc":{"start":{"line":9,"column":55},"end":{"line":11,"column":1}},"line":9},"3":{"name":"getDiaryMealRecommendedFoodDetails","decl":{"start":{"line":13,"column":16},"end":{"line":13,"column":50}},"loc":{"start":{"line":13,"column":58},"end":{"line":15,"column":1}},"line":13},"4":{"name":"getFoodSearchResults","decl":{"start":{"line":17,"column":16},"end":{"line":17,"column":36}},"loc":{"start":{"line":17,"column":44},"end":{"line":19,"column":1}},"line":17},"5":{"name":"getDiaryMealEatenFoods","decl":{"start":{"line":21,"column":16},"end":{"line":21,"column":38}},"loc":{"start":{"line":21,"column":46},"end":{"line":23,"column":1}},"line":21},"6":{"name":"getDiaryOverviewWater","decl":{"start":{"line":25,"column":16},"end":{"line":25,"column":37}},"loc":{"start":{"line":25,"column":45},"end":{"line":27,"column":1}},"line":25},"7":{"name":"getDiaryOverviewRecommendedCalories","decl":{"start":{"line":29,"column":16},"end":{"line":29,"column":51}},"loc":{"start":{"line":29,"column":59},"end":{"line":31,"column":1}},"line":29},"8":{"name":"getOverviewDate","decl":{"start":{"line":33,"column":16},"end":{"line":33,"column":31}},"loc":{"start":{"line":33,"column":39},"end":{"line":35,"column":1}},"line":33},"9":{"name":"getDiaryMealSkippedStatus","decl":{"start":{"line":37,"column":16},"end":{"line":37,"column":41}},"loc":{"start":{"line":37,"column":49},"end":{"line":39,"column":1}},"line":37}},"branchMap":{},"s":{"0":0,"1":0,"2":0,"3":0,"4":0,"5":0,"6":0,"7":0,"8":0,"9":0},"f":{"0":0,"1":0,"2":0,"3":0,"4":0,"5":0,"6":0,"7":0,"8":0,"9":0},"b":{},"_coverageSchema":"43e27e138ebf9cfc5966b082cf9a028302ed4184","hash":"4c7ee6ede25af632b195ff99dca12d80ca428745"}
,"/Users/mohsen/Desktop/foodcoach2/patient-frontend/src/store/module-diary/index.js": {"path":"/Users/mohsen/Desktop/foodcoach2/patient-frontend/src/store/module-diary/index.js","statementMap":{},"fnMap":{},"branchMap":{},"s":{},"f":{},"b":{},"_coverageSchema":"43e27e138ebf9cfc5966b082cf9a028302ed4184","hash":"58e4edd24cb0539b6548376638c64352674546d5"}
,"/Users/mohsen/Desktop/foodcoach2/patient-frontend/src/store/module-diary/mutations.js": {"path":"/Users/mohsen/Desktop/foodcoach2/patient-frontend/src/store/module-diary/mutations.js","statementMap":{"0":{"start":{"line":2,"column":4},"end":{"line":2,"column":22}},"1":{"start":{"line":6,"column":4},"end":{"line":6,"column":34}},"2":{"start":{"line":10,"column":4},"end":{"line":10,"column":35}},"3":{"start":{"line":14,"column":4},"end":{"line":14,"column":49}},"4":{"start":{"line":18,"column":4},"end":{"line":58,"column":5}},"5":{"start":{"line":19,"column":8},"end":{"line":19,"column":34}},"6":{"start":{"line":21,"column":8},"end":{"line":21,"column":35}},"7":{"start":{"line":25,"column":24},"end":{"line":28,"column":9}},"8":{"start":{"line":27,"column":16},"end":{"line":27,"column":77}},"9":{"start":{"line":27,"column":65},"end":{"line":27,"column":76}},"10":{"start":{"line":29,"column":8},"end":{"line":34,"column":11}},"11":{"start":{"line":30,"column":22},"end":{"line":32,"column":13}},"12":{"start":{"line":31,"column":25},"end":{"line":31,"column":43}},"13":{"start":{"line":33,"column":12},"end":{"line":33,"column":49}},"14":{"start":{"line":38,"column":8},"end":{"line":57,"column":11}},"15":{"start":{"line":39,"column":22},"end":{"line":41,"column":13}},"16":{"start":{"line":40,"column":25},"end":{"line":40,"column":43}},"17":{"start":{"line":45,"column":12},"end":{"line":56,"column":13}},"18":{"start":{"line":46,"column":16},"end":{"line":46,"column":49}},"19":{"start":{"line":51,"column":16},"end":{"line":51,"column":62}},"20":{"start":{"line":52,"column":16},"end":{"line":52,"column":60}},"21":{"start":{"line":62,"column":4},"end":{"line":62,"column":30}},"22":{"start":{"line":66,"column":16},"end":{"line":66,"column":50}},"23":{"start":{"line":67,"column":4},"end":{"line":67,"column":51}},"24":{"start":{"line":71,"column":16},"end":{"line":71,"column":50}},"25":{"start":{"line":72,"column":4},"end":{"line":72,"column":51}},"26":{"start":{"line":76,"column":4},"end":{"line":76,"column":42}}},"fnMap":{"0":{"name":"SET_DIARY_MEAL","decl":{"start":{"line":1,"column":16},"end":{"line":1,"column":30}},"loc":{"start":{"line":1,"column":44},"end":{"line":3,"column":1}},"line":1},"1":{"name":"SET_FOODS","decl":{"start":{"line":5,"column":16},"end":{"line":5,"column":25}},"loc":{"start":{"line":5,"column":43},"end":{"line":7,"column":1}},"line":5},"2":{"name":"SET_DIARY_OVERVIEW","decl":{"start":{"line":9,"column":16},"end":{"line":9,"column":34}},"loc":{"start":{"line":9,"column":52},"end":{"line":11,"column":1}},"line":9},"3":{"name":"SET_RECOMMENDED_FOODS","decl":{"start":{"line":13,"column":16},"end":{"line":13,"column":37}},"loc":{"start":{"line":13,"column":51},"end":{"line":15,"column":1}},"line":13},"4":{"name":"ADD_CONSUMED_FOOD_TO_DIARY_Meal","decl":{"start":{"line":17,"column":16},"end":{"line":17,"column":47}},"loc":{"start":{"line":17,"column":67},"end":{"line":59,"column":1}},"line":17},"5":{"name":"(anonymous_5)","decl":{"start":{"line":26,"column":12},"end":{"line":26,"column":13}},"loc":{"start":{"line":27,"column":16},"end":{"line":27,"column":77}},"line":27},"6":{"name":"(anonymous_6)","decl":{"start":{"line":27,"column":48},"end":{"line":27,"column":49}},"loc":{"start":{"line":27,"column":65},"end":{"line":27,"column":76}},"line":27},"7":{"name":"(anonymous_7)","decl":{"start":{"line":29,"column":24},"end":{"line":29,"column":25}},"loc":{"start":{"line":29,"column":34},"end":{"line":34,"column":9}},"line":29},"8":{"name":"(anonymous_8)","decl":{"start":{"line":31,"column":16},"end":{"line":31,"column":17}},"loc":{"start":{"line":31,"column":25},"end":{"line":31,"column":43}},"line":31},"9":{"name":"(anonymous_9)","decl":{"start":{"line":38,"column":42},"end":{"line":38,"column":43}},"loc":{"start":{"line":38,"column":52},"end":{"line":57,"column":9}},"line":38},"10":{"name":"(anonymous_10)","decl":{"start":{"line":40,"column":16},"end":{"line":40,"column":17}},"loc":{"start":{"line":40,"column":25},"end":{"line":40,"column":43}},"line":40},"11":{"name":"SET_OVERVIEW_DATE","decl":{"start":{"line":61,"column":16},"end":{"line":61,"column":33}},"loc":{"start":{"line":61,"column":47},"end":{"line":63,"column":1}},"line":61},"12":{"name":"ADD_WATER","decl":{"start":{"line":65,"column":16},"end":{"line":65,"column":25}},"loc":{"start":{"line":65,"column":33},"end":{"line":68,"column":1}},"line":65},"13":{"name":"REMOVE_WATER","decl":{"start":{"line":70,"column":16},"end":{"line":70,"column":28}},"loc":{"start":{"line":70,"column":36},"end":{"line":73,"column":1}},"line":70},"14":{"name":"SET_OVERVIEW_SELECTED_MEAL","decl":{"start":{"line":75,"column":16},"end":{"line":75,"column":42}},"loc":{"start":{"line":75,"column":60},"end":{"line":77,"column":1}},"line":75}},"branchMap":{"0":{"loc":{"start":{"line":18,"column":4},"end":{"line":58,"column":5}},"type":"if","locations":[{"start":{"line":18,"column":4},"end":{"line":58,"column":5}},{"start":{"line":18,"column":4},"end":{"line":58,"column":5}}],"line":18},"1":{"loc":{"start":{"line":45,"column":12},"end":{"line":56,"column":13}},"type":"if","locations":[{"start":{"line":45,"column":12},"end":{"line":56,"column":13}},{"start":{"line":45,"column":12},"end":{"line":56,"column":13}}],"line":45}},"s":{"0":6,"1":1,"2":1,"3":1,"4":5,"5":1,"6":4,"7":4,"8":3,"9":2,"10":4,"11":2,"12":2,"13":2,"14":4,"15":3,"16":1,"17":3,"18":2,"19":1,"20":1,"21":7,"22":1,"23":1,"24":1,"25":1,"26":1},"f":{"0":6,"1":1,"2":1,"3":1,"4":5,"5":3,"6":2,"7":2,"8":2,"9":3,"10":1,"11":7,"12":1,"13":1,"14":1},"b":{"0":[1,4],"1":[2,1]},"_coverageSchema":"43e27e138ebf9cfc5966b082cf9a028302ed4184","hash":"37695b7f8992f333e9892d434154f07c77f040e2"}
,"/Users/mohsen/Desktop/foodcoach2/patient-frontend/src/store/module-diary/state.js": {"path":"/Users/mohsen/Desktop/foodcoach2/patient-frontend/src/store/module-diary/state.js","statementMap":{"0":{"start":{"line":2,"column":4},"end":{"line":22,"column":6}}},"fnMap":{"0":{"name":"(anonymous_0)","decl":{"start":{"line":1,"column":15},"end":{"line":1,"column":16}},"loc":{"start":{"line":1,"column":27},"end":{"line":23,"column":1}},"line":1}},"branchMap":{},"s":{"0":18},"f":{"0":18},"b":{},"_coverageSchema":"43e27e138ebf9cfc5966b082cf9a028302ed4184","hash":"dbf9c1b306f6d9877c5fe7acd2f34cfd008c1177"}
,"/Users/mohsen/Desktop/foodcoach2/patient-frontend/src/store/module-diet/actions.js": {"path":"/Users/mohsen/Desktop/foodcoach2/patient-frontend/src/store/module-diet/actions.js","statementMap":{"0":{"start":{"line":4,"column":14},"end":{"line":16,"column":6}},"1":{"start":{"line":5,"column":8},"end":{"line":15,"column":14}},"2":{"start":{"line":10,"column":16},"end":{"line":10,"column":55}},"3":{"start":{"line":11,"column":16},"end":{"line":11,"column":35}},"4":{"start":{"line":14,"column":16},"end":{"line":14,"column":72}},"5":{"start":{"line":18,"column":4},"end":{"line":18,"column":15}}},"fnMap":{"0":{"name":"getDietPlan","decl":{"start":{"line":3,"column":22},"end":{"line":3,"column":33}},"loc":{"start":{"line":3,"column":46},"end":{"line":19,"column":1}},"line":3},"1":{"name":"(anonymous_1)","decl":{"start":{"line":4,"column":26},"end":{"line":4,"column":27}},"loc":{"start":{"line":4,"column":47},"end":{"line":16,"column":5}},"line":4},"2":{"name":"(anonymous_2)","decl":{"start":{"line":9,"column":18},"end":{"line":9,"column":19}},"loc":{"start":{"line":9,"column":32},"end":{"line":12,"column":13}},"line":9},"3":{"name":"(anonymous_3)","decl":{"start":{"line":13,"column":19},"end":{"line":13,"column":20}},"loc":{"start":{"line":14,"column":16},"end":{"line":14,"column":72}},"line":14}},"branchMap":{},"s":{"0":2,"1":2,"2":1,"3":1,"4":1,"5":2},"f":{"0":2,"1":2,"2":1,"3":1},"b":{},"_coverageSchema":"43e27e138ebf9cfc5966b082cf9a028302ed4184","hash":"ce6419946980b2b1438c105e8d0f5ea6fad55338"}
,"/Users/mohsen/Desktop/foodcoach2/patient-frontend/src/store/module-diet/getters.js": {"path":"/Users/mohsen/Desktop/foodcoach2/patient-frontend/src/store/module-diet/getters.js","statementMap":{"0":{"start":{"line":2,"column":4},"end":{"line":2,"column":26}},"1":{"start":{"line":6,"column":4},"end":{"line":6,"column":58}},"2":{"start":{"line":10,"column":4},"end":{"line":10,"column":29}},"3":{"start":{"line":14,"column":4},"end":{"line":14,"column":25}}},"fnMap":{"0":{"name":"getDietPlan","decl":{"start":{"line":1,"column":16},"end":{"line":1,"column":27}},"loc":{"start":{"line":1,"column":35},"end":{"line":3,"column":1}},"line":1},"1":{"name":"getPatientFullName","decl":{"start":{"line":5,"column":16},"end":{"line":5,"column":34}},"loc":{"start":{"line":5,"column":42},"end":{"line":7,"column":1}},"line":5},"2":{"name":"getPatientName","decl":{"start":{"line":9,"column":16},"end":{"line":9,"column":30}},"loc":{"start":{"line":9,"column":38},"end":{"line":11,"column":1}},"line":9},"3":{"name":"getTrialId","decl":{"start":{"line":13,"column":16},"end":{"line":13,"column":26}},"loc":{"start":{"line":13,"column":34},"end":{"line":15,"column":1}},"line":13}},"branchMap":{},"s":{"0":0,"1":0,"2":0,"3":0},"f":{"0":0,"1":0,"2":0,"3":0},"b":{},"_coverageSchema":"43e27e138ebf9cfc5966b082cf9a028302ed4184","hash":"c7c2e7d28081a74ad48d09d73a2ce43cf16d9f56"}
,"/Users/mohsen/Desktop/foodcoach2/patient-frontend/src/store/module-diet/index.js": {"path":"/Users/mohsen/Desktop/foodcoach2/patient-frontend/src/store/module-diet/index.js","statementMap":{},"fnMap":{},"branchMap":{},"s":{},"f":{},"b":{},"_coverageSchema":"43e27e138ebf9cfc5966b082cf9a028302ed4184","hash":"4dfa5759db94a9826dbc977a74b3cca4bd24fbe8"}
,"/Users/mohsen/Desktop/foodcoach2/patient-frontend/src/store/module-diet/mutations.js": {"path":"/Users/mohsen/Desktop/foodcoach2/patient-frontend/src/store/module-diet/mutations.js","statementMap":{"0":{"start":{"line":5,"column":22},"end":{"line":8,"column":5}},"1":{"start":{"line":10,"column":25},"end":{"line":39,"column":5}},"2":{"start":{"line":41,"column":22},"end":{"line":48,"column":5}},"3":{"start":{"line":42,"column":19},"end":{"line":42,"column":21}},"4":{"start":{"line":43,"column":8},"end":{"line":45,"column":11}},"5":{"start":{"line":44,"column":12},"end":{"line":44,"column":34}},"6":{"start":{"line":47,"column":8},"end":{"line":47,"column":20}},"7":{"start":{"line":51,"column":25},"end":{"line":51,"column":27}},"8":{"start":{"line":53,"column":4},"end":{"line":86,"column":5}},"9":{"start":{"line":54,"column":8},"end":{"line":85,"column":9}},"10":{"start":{"line":55,"column":12},"end":{"line":55,"column":32}},"11":{"start":{"line":56,"column":15},"end":{"line":85,"column":9}},"12":{"start":{"line":57,"column":12},"end":{"line":57,"column":35}},"13":{"start":{"line":58,"column":15},"end":{"line":85,"column":9}},"14":{"start":{"line":59,"column":12},"end":{"line":59,"column":26}},"15":{"start":{"line":60,"column":15},"end":{"line":85,"column":9}},"16":{"start":{"line":61,"column":12},"end":{"line":61,"column":28}},"17":{"start":{"line":62,"column":15},"end":{"line":85,"column":9}},"18":{"start":{"line":63,"column":12},"end":{"line":63,"column":49}},"19":{"start":{"line":64,"column":12},"end":{"line":64,"column":32}},"20":{"start":{"line":66,"column":23},"end":{"line":66,"column":28}},"21":{"start":{"line":67,"column":24},"end":{"line":67,"column":41}},"22":{"start":{"line":68,"column":36},"end":{"line":68,"column":38}},"23":{"start":{"line":70,"column":12},"end":{"line":82,"column":15}},"24":{"start":{"line":71,"column":42},"end":{"line":71,"column":43}},"25":{"start":{"line":72,"column":28},"end":{"line":72,"column":38}},"26":{"start":{"line":73,"column":16},"end":{"line":75,"column":19}},"27":{"start":{"line":74,"column":20},"end":{"line":74,"column":53}},"28":{"start":{"line":77,"column":32},"end":{"line":77,"column":67}},"29":{"start":{"line":78,"column":34},"end":{"line":78,"column":36}},"30":{"start":{"line":79,"column":16},"end":{"line":79,"column":47}},"31":{"start":{"line":80,"column":41},"end":{"line":80,"column":73}},"32":{"start":{"line":81,"column":16},"end":{"line":81,"column":59}},"33":{"start":{"line":83,"column":12},"end":{"line":83,"column":47}},"34":{"start":{"line":84,"column":12},"end":{"line":84,"column":43}},"35":{"start":{"line":108,"column":4},"end":{"line":108,"column":36}},"36":{"start":{"line":109,"column":4},"end":{"line":109,"column":42}},"37":{"start":{"line":110,"column":4},"end":{"line":110,"column":36}},"38":{"start":{"line":111,"column":4},"end":{"line":111,"column":24}},"39":{"start":{"line":112,"column":4},"end":{"line":112,"column":28}}},"fnMap":{"0":{"name":"SET_DIET_PLAN","decl":{"start":{"line":1,"column":16},"end":{"line":1,"column":29}},"loc":{"start":{"line":1,"column":47},"end":{"line":113,"column":1}},"line":1},"1":{"name":"(anonymous_1)","decl":{"start":{"line":41,"column":22},"end":{"line":41,"column":23}},"loc":{"start":{"line":41,"column":34},"end":{"line":48,"column":5}},"line":41},"2":{"name":"(anonymous_2)","decl":{"start":{"line":43,"column":31},"end":{"line":43,"column":32}},"loc":{"start":{"line":43,"column":41},"end":{"line":45,"column":9}},"line":43},"3":{"name":"(anonymous_3)","decl":{"start":{"line":70,"column":26},"end":{"line":70,"column":27}},"loc":{"start":{"line":70,"column":36},"end":{"line":82,"column":13}},"line":70},"4":{"name":"(anonymous_4)","decl":{"start":{"line":73,"column":30},"end":{"line":73,"column":31}},"loc":{"start":{"line":73,"column":40},"end":{"line":75,"column":17}},"line":73}},"branchMap":{"0":{"loc":{"start":{"line":54,"column":8},"end":{"line":85,"column":9}},"type":"if","locations":[{"start":{"line":54,"column":8},"end":{"line":85,"column":9}},{"start":{"line":54,"column":8},"end":{"line":85,"column":9}}],"line":54},"1":{"loc":{"start":{"line":56,"column":15},"end":{"line":85,"column":9}},"type":"if","locations":[{"start":{"line":56,"column":15},"end":{"line":85,"column":9}},{"start":{"line":56,"column":15},"end":{"line":85,"column":9}}],"line":56},"2":{"loc":{"start":{"line":58,"column":15},"end":{"line":85,"column":9}},"type":"if","locations":[{"start":{"line":58,"column":15},"end":{"line":85,"column":9}},{"start":{"line":58,"column":15},"end":{"line":85,"column":9}}],"line":58},"3":{"loc":{"start":{"line":60,"column":15},"end":{"line":85,"column":9}},"type":"if","locations":[{"start":{"line":60,"column":15},"end":{"line":85,"column":9}},{"start":{"line":60,"column":15},"end":{"line":85,"column":9}}],"line":60},"4":{"loc":{"start":{"line":62,"column":15},"end":{"line":85,"column":9}},"type":"if","locations":[{"start":{"line":62,"column":15},"end":{"line":85,"column":9}},{"start":{"line":62,"column":15},"end":{"line":85,"column":9}}],"line":62}},"s":{"0":1,"1":1,"2":1,"3":8,"4":8,"5":56,"6":8,"7":1,"8":1,"9":12,"10":1,"11":11,"12":1,"13":10,"14":1,"15":9,"16":1,"17":8,"18":7,"19":7,"20":7,"21":7,"22":7,"23":7,"24":35,"25":35,"26":35,"27":41,"28":35,"29":35,"30":35,"31":35,"32":35,"33":7,"34":7,"35":1,"36":1,"37":1,"38":1,"39":1},"f":{"0":1,"1":8,"2":56,"3":35,"4":41},"b":{"0":[1,11],"1":[1,10],"2":[1,9],"3":[1,8],"4":[7,1]},"_coverageSchema":"43e27e138ebf9cfc5966b082cf9a028302ed4184","hash":"efa7d09f0dfca11c5f2f9c24815aa09de4ebcf32"}
,"/Users/mohsen/Desktop/foodcoach2/patient-frontend/src/store/module-diet/state.js": {"path":"/Users/mohsen/Desktop/foodcoach2/patient-frontend/src/store/module-diet/state.js","statementMap":{"0":{"start":{"line":2,"column":4},"end":{"line":8,"column":6}}},"fnMap":{"0":{"name":"(anonymous_0)","decl":{"start":{"line":1,"column":15},"end":{"line":1,"column":16}},"loc":{"start":{"line":1,"column":27},"end":{"line":9,"column":1}},"line":1}},"branchMap":{},"s":{"0":2},"f":{"0":2},"b":{},"_coverageSchema":"43e27e138ebf9cfc5966b082cf9a028302ed4184","hash":"ada4e49fabf4e92b9f600d851e1c72573bbbda52"}
,"/Users/mohsen/Desktop/foodcoach2/patient-frontend/src/store/module-nav/actions.js": {"path":"/Users/mohsen/Desktop/foodcoach2/patient-frontend/src/store/module-nav/actions.js","statementMap":{"0":{"start":{"line":2,"column":4},"end":{"line":2,"column":44}},"1":{"start":{"line":6,"column":4},"end":{"line":6,"column":34}},"2":{"start":{"line":10,"column":4},"end":{"line":10,"column":41}},"3":{"start":{"line":14,"column":4},"end":{"line":14,"column":51}},"4":{"start":{"line":18,"column":4},"end":{"line":18,"column":49}}},"fnMap":{"0":{"name":"setCurrentPage","decl":{"start":{"line":1,"column":16},"end":{"line":1,"column":30}},"loc":{"start":{"line":1,"column":53},"end":{"line":3,"column":1}},"line":1},"1":{"name":"removeCurrentPage","decl":{"start":{"line":5,"column":16},"end":{"line":5,"column":33}},"loc":{"start":{"line":5,"column":43},"end":{"line":7,"column":1}},"line":5},"2":{"name":"removeAllHistory","decl":{"start":{"line":9,"column":16},"end":{"line":9,"column":32}},"loc":{"start":{"line":9,"column":42},"end":{"line":11,"column":1}},"line":9},"3":{"name":"setNavWarning","decl":{"start":{"line":13,"column":16},"end":{"line":13,"column":29}},"loc":{"start":{"line":13,"column":52},"end":{"line":15,"column":1}},"line":13},"4":{"name":"setSnackAlert","decl":{"start":{"line":17,"column":16},"end":{"line":17,"column":29}},"loc":{"start":{"line":17,"column":50},"end":{"line":19,"column":1}},"line":17}},"branchMap":{},"s":{"0":10,"1":1,"2":1,"3":1,"4":2},"f":{"0":10,"1":1,"2":1,"3":1,"4":2},"b":{},"_coverageSchema":"43e27e138ebf9cfc5966b082cf9a028302ed4184","hash":"502034277d2e720edf024e4f2ee455b2b200fcf7"}
,"/Users/mohsen/Desktop/foodcoach2/patient-frontend/src/store/module-nav/getters.js": {"path":"/Users/mohsen/Desktop/foodcoach2/patient-frontend/src/store/module-nav/getters.js","statementMap":{"0":{"start":{"line":2,"column":4},"end":{"line":5,"column":5}},"1":{"start":{"line":3,"column":21},"end":{"line":3,"column":42}},"2":{"start":{"line":4,"column":8},"end":{"line":4,"column":42}},"3":{"start":{"line":7,"column":4},"end":{"line":7,"column":14}}},"fnMap":{"0":{"name":"getNavigationObject","decl":{"start":{"line":1,"column":16},"end":{"line":1,"column":35}},"loc":{"start":{"line":1,"column":43},"end":{"line":8,"column":1}},"line":1}},"branchMap":{"0":{"loc":{"start":{"line":2,"column":4},"end":{"line":5,"column":5}},"type":"if","locations":[{"start":{"line":2,"column":4},"end":{"line":5,"column":5}},{"start":{"line":2,"column":4},"end":{"line":5,"column":5}}],"line":2}},"s":{"0":0,"1":0,"2":0,"3":0},"f":{"0":0},"b":{"0":[0,0]},"_coverageSchema":"43e27e138ebf9cfc5966b082cf9a028302ed4184","hash":"0ee0070f1355d6f2dd1ffb9ba501e3faaa30c7cb"}
,"/Users/mohsen/Desktop/foodcoach2/patient-frontend/src/store/module-nav/index.js": {"path":"/Users/mohsen/Desktop/foodcoach2/patient-frontend/src/store/module-nav/index.js","statementMap":{},"fnMap":{},"branchMap":{},"s":{},"f":{},"b":{},"_coverageSchema":"43e27e138ebf9cfc5966b082cf9a028302ed4184","hash":"394b3c2525005e3981fa1d820f3a86c6449c05f9"}
,"/Users/mohsen/Desktop/foodcoach2/patient-frontend/src/store/module-nav/mutations.js": {"path":"/Users/mohsen/Desktop/foodcoach2/patient-frontend/src/store/module-nav/mutations.js","statementMap":{"0":{"start":{"line":2,"column":4},"end":{"line":2,"column":37}},"1":{"start":{"line":6,"column":4},"end":{"line":6,"column":25}},"2":{"start":{"line":10,"column":4},"end":{"line":10,"column":24}},"3":{"start":{"line":14,"column":17},"end":{"line":14,"column":38}},"4":{"start":{"line":15,"column":4},"end":{"line":18,"column":5}},"5":{"start":{"line":16,"column":25},"end":{"line":16,"column":51}},"6":{"start":{"line":17,"column":8},"end":{"line":17,"column":40}},"7":{"start":{"line":22,"column":17},"end":{"line":22,"column":38}},"8":{"start":{"line":23,"column":4},"end":{"line":26,"column":5}},"9":{"start":{"line":24,"column":25},"end":{"line":24,"column":51}},"10":{"start":{"line":25,"column":8},"end":{"line":25,"column":43}}},"fnMap":{"0":{"name":"SET_PAGE","decl":{"start":{"line":1,"column":16},"end":{"line":1,"column":24}},"loc":{"start":{"line":1,"column":45},"end":{"line":3,"column":1}},"line":1},"1":{"name":"REMOVE_PAGE","decl":{"start":{"line":5,"column":16},"end":{"line":5,"column":27}},"loc":{"start":{"line":5,"column":35},"end":{"line":7,"column":1}},"line":5},"2":{"name":"REMOVE_ALL_HISTORY","decl":{"start":{"line":9,"column":16},"end":{"line":9,"column":34}},"loc":{"start":{"line":9,"column":42},"end":{"line":11,"column":1}},"line":9},"3":{"name":"SET_NAV_WARNING","decl":{"start":{"line":13,"column":16},"end":{"line":13,"column":31}},"loc":{"start":{"line":13,"column":48},"end":{"line":19,"column":1}},"line":13},"4":{"name":"SET_SNACK_ALERT","decl":{"start":{"line":21,"column":16},"end":{"line":21,"column":31}},"loc":{"start":{"line":21,"column":51},"end":{"line":27,"column":1}},"line":21}},"branchMap":{"0":{"loc":{"start":{"line":15,"column":4},"end":{"line":18,"column":5}},"type":"if","locations":[{"start":{"line":15,"column":4},"end":{"line":18,"column":5}},{"start":{"line":15,"column":4},"end":{"line":18,"column":5}}],"line":15},"1":{"loc":{"start":{"line":23,"column":4},"end":{"line":26,"column":5}},"type":"if","locations":[{"start":{"line":23,"column":4},"end":{"line":26,"column":5}},{"start":{"line":23,"column":4},"end":{"line":26,"column":5}}],"line":23}},"s":{"0":10,"1":1,"2":1,"3":1,"4":1,"5":1,"6":1,"7":2,"8":2,"9":2,"10":2},"f":{"0":10,"1":1,"2":1,"3":1,"4":2},"b":{"0":[1,0],"1":[2,0]},"_coverageSchema":"43e27e138ebf9cfc5966b082cf9a028302ed4184","hash":"bae9f7e59c9fad45417cb7a79d80bf8db71d5aa9"}
,"/Users/mohsen/Desktop/foodcoach2/patient-frontend/src/store/module-nav/state.js": {"path":"/Users/mohsen/Desktop/foodcoach2/patient-frontend/src/store/module-nav/state.js","statementMap":{"0":{"start":{"line":2,"column":4},"end":{"line":30,"column":6}}},"fnMap":{"0":{"name":"(anonymous_0)","decl":{"start":{"line":1,"column":15},"end":{"line":1,"column":16}},"loc":{"start":{"line":1,"column":27},"end":{"line":31,"column":1}},"line":1}},"branchMap":{},"s":{"0":6},"f":{"0":6},"b":{},"_coverageSchema":"43e27e138ebf9cfc5966b082cf9a028302ed4184","hash":"f911ae066d9ad19cdc2eca8939dfab2c5ce05100"}
,"/Users/mohsen/Desktop/foodcoach2/patient-frontend/src/store/module-weight/actions.js": {"path":"/Users/mohsen/Desktop/foodcoach2/patient-frontend/src/store/module-weight/actions.js","statementMap":{"0":{"start":{"line":5,"column":4},"end":{"line":9,"column":62}},"1":{"start":{"line":6,"column":8},"end":{"line":6,"column":75}},"2":{"start":{"line":7,"column":9},"end":{"line":9,"column":62}},"3":{"start":{"line":8,"column":8},"end":{"line":8,"column":63}},"4":{"start":{"line":9,"column":9},"end":{"line":9,"column":62}},"5":{"start":{"line":13,"column":4},"end":{"line":15,"column":57}},"6":{"start":{"line":14,"column":8},"end":{"line":14,"column":31}},"7":{"start":{"line":15,"column":9},"end":{"line":15,"column":57}},"8":{"start":{"line":17,"column":4},"end":{"line":29,"column":11}},"9":{"start":{"line":22,"column":12},"end":{"line":22,"column":71}},"10":{"start":{"line":23,"column":12},"end":{"line":23,"column":29}},"11":{"start":{"line":26,"column":12},"end":{"line":28,"column":14}},"12":{"start":{"line":33,"column":4},"end":{"line":34,"column":62}},"13":{"start":{"line":34,"column":8},"end":{"line":34,"column":62}},"14":{"start":{"line":37,"column":4},"end":{"line":41,"column":62}},"15":{"start":{"line":38,"column":8},"end":{"line":38,"column":75}},"16":{"start":{"line":39,"column":9},"end":{"line":41,"column":62}},"17":{"start":{"line":40,"column":8},"end":{"line":40,"column":63}},"18":{"start":{"line":41,"column":9},"end":{"line":41,"column":62}},"19":{"start":{"line":44,"column":4},"end":{"line":46,"column":64}},"20":{"start":{"line":45,"column":8},"end":{"line":45,"column":39}},"21":{"start":{"line":46,"column":9},"end":{"line":46,"column":64}},"22":{"start":{"line":48,"column":4},"end":{"line":62,"column":11}},"23":{"start":{"line":55,"column":12},"end":{"line":55,"column":50}},"24":{"start":{"line":56,"column":12},"end":{"line":56,"column":29}},"25":{"start":{"line":59,"column":12},"end":{"line":61,"column":14}},"26":{"start":{"line":66,"column":4},"end":{"line":66,"column":80}},"27":{"start":{"line":66,"column":20},"end":{"line":66,"column":80}},"28":{"start":{"line":69,"column":4},"end":{"line":70,"column":74}},"29":{"start":{"line":69,"column":24},"end":{"line":69,"column":57}},"30":{"start":{"line":70,"column":9},"end":{"line":70,"column":74}},"31":{"start":{"line":72,"column":4},"end":{"line":86,"column":11}},"32":{"start":{"line":79,"column":12},"end":{"line":79,"column":53}},"33":{"start":{"line":80,"column":12},"end":{"line":80,"column":29}},"34":{"start":{"line":83,"column":12},"end":{"line":85,"column":14}},"35":{"start":{"line":90,"column":4},"end":{"line":91,"column":68}},"36":{"start":{"line":91,"column":8},"end":{"line":91,"column":68}},"37":{"start":{"line":95,"column":26},"end":{"line":95,"column":40}},"38":{"start":{"line":97,"column":4},"end":{"line":108,"column":11}},"39":{"start":{"line":100,"column":12},"end":{"line":100,"column":55}},"40":{"start":{"line":101,"column":12},"end":{"line":101,"column":29}},"41":{"start":{"line":104,"column":12},"end":{"line":104,"column":62}},"42":{"start":{"line":105,"column":12},"end":{"line":107,"column":14}}},"fnMap":{"0":{"name":"getWeights","decl":{"start":{"line":3,"column":16},"end":{"line":3,"column":26}},"loc":{"start":{"line":3,"column":34},"end":{"line":30,"column":1}},"line":3},"1":{"name":"(anonymous_1)","decl":{"start":{"line":21,"column":14},"end":{"line":21,"column":15}},"loc":{"start":{"line":21,"column":28},"end":{"line":24,"column":9}},"line":21},"2":{"name":"(anonymous_2)","decl":{"start":{"line":25,"column":15},"end":{"line":25,"column":16}},"loc":{"start":{"line":25,"column":24},"end":{"line":29,"column":9}},"line":25},"3":{"name":"addWeight","decl":{"start":{"line":32,"column":16},"end":{"line":32,"column":25}},"loc":{"start":{"line":32,"column":44},"end":{"line":63,"column":1}},"line":32},"4":{"name":"(anonymous_4)","decl":{"start":{"line":54,"column":14},"end":{"line":54,"column":15}},"loc":{"start":{"line":54,"column":20},"end":{"line":57,"column":9}},"line":54},"5":{"name":"(anonymous_5)","decl":{"start":{"line":58,"column":15},"end":{"line":58,"column":16}},"loc":{"start":{"line":58,"column":24},"end":{"line":62,"column":9}},"line":58},"6":{"name":"editWeight","decl":{"start":{"line":65,"column":16},"end":{"line":65,"column":26}},"loc":{"start":{"line":65,"column":47},"end":{"line":87,"column":1}},"line":65},"7":{"name":"(anonymous_7)","decl":{"start":{"line":78,"column":14},"end":{"line":78,"column":15}},"loc":{"start":{"line":78,"column":20},"end":{"line":81,"column":9}},"line":78},"8":{"name":"(anonymous_8)","decl":{"start":{"line":82,"column":15},"end":{"line":82,"column":16}},"loc":{"start":{"line":82,"column":22},"end":{"line":86,"column":9}},"line":82},"9":{"name":"deleteWeight","decl":{"start":{"line":89,"column":16},"end":{"line":89,"column":28}},"loc":{"start":{"line":89,"column":49},"end":{"line":109,"column":1}},"line":89},"10":{"name":"(anonymous_10)","decl":{"start":{"line":99,"column":14},"end":{"line":99,"column":15}},"loc":{"start":{"line":99,"column":20},"end":{"line":102,"column":9}},"line":99},"11":{"name":"(anonymous_11)","decl":{"start":{"line":103,"column":15},"end":{"line":103,"column":16}},"loc":{"start":{"line":103,"column":22},"end":{"line":108,"column":9}},"line":103}},"branchMap":{"0":{"loc":{"start":{"line":5,"column":4},"end":{"line":9,"column":62}},"type":"if","locations":[{"start":{"line":5,"column":4},"end":{"line":9,"column":62}},{"start":{"line":5,"column":4},"end":{"line":9,"column":62}}],"line":5},"1":{"loc":{"start":{"line":7,"column":9},"end":{"line":9,"column":62}},"type":"if","locations":[{"start":{"line":7,"column":9},"end":{"line":9,"column":62}},{"start":{"line":7,"column":9},"end":{"line":9,"column":62}}],"line":7},"2":{"loc":{"start":{"line":13,"column":4},"end":{"line":15,"column":57}},"type":"if","locations":[{"start":{"line":13,"column":4},"end":{"line":15,"column":57}},{"start":{"line":13,"column":4},"end":{"line":15,"column":57}}],"line":13},"3":{"loc":{"start":{"line":13,"column":8},"end":{"line":13,"column":62}},"type":"binary-expr","locations":[{"start":{"line":13,"column":8},"end":{"line":13,"column":30}},{"start":{"line":13,"column":34},"end":{"line":13,"column":62}}],"line":13},"4":{"loc":{"start":{"line":33,"column":4},"end":{"line":34,"column":62}},"type":"if","locations":[{"start":{"line":33,"column":4},"end":{"line":34,"column":62}},{"start":{"line":33,"column":4},"end":{"line":34,"column":62}}],"line":33},"5":{"loc":{"start":{"line":33,"column":8},"end":{"line":33,"column":36}},"type":"binary-expr","locations":[{"start":{"line":33,"column":8},"end":{"line":33,"column":18}},{"start":{"line":33,"column":22},"end":{"line":33,"column":36}}],"line":33},"6":{"loc":{"start":{"line":37,"column":4},"end":{"line":41,"column":62}},"type":"if","locations":[{"start":{"line":37,"column":4},"end":{"line":41,"column":62}},{"start":{"line":37,"column":4},"end":{"line":41,"column":62}}],"line":37},"7":{"loc":{"start":{"line":39,"column":9},"end":{"line":41,"column":62}},"type":"if","locations":[{"start":{"line":39,"column":9},"end":{"line":41,"column":62}},{"start":{"line":39,"column":9},"end":{"line":41,"column":62}}],"line":39},"8":{"loc":{"start":{"line":44,"column":4},"end":{"line":46,"column":64}},"type":"if","locations":[{"start":{"line":44,"column":4},"end":{"line":46,"column":64}},{"start":{"line":44,"column":4},"end":{"line":46,"column":64}}],"line":44},"9":{"loc":{"start":{"line":44,"column":8},"end":{"line":44,"column":62}},"type":"binary-expr","locations":[{"start":{"line":44,"column":8},"end":{"line":44,"column":30}},{"start":{"line":44,"column":34},"end":{"line":44,"column":62}}],"line":44},"10":{"loc":{"start":{"line":66,"column":4},"end":{"line":66,"column":80}},"type":"if","locations":[{"start":{"line":66,"column":4},"end":{"line":66,"column":80}},{"start":{"line":66,"column":4},"end":{"line":66,"column":80}}],"line":66},"11":{"loc":{"start":{"line":69,"column":4},"end":{"line":70,"column":74}},"type":"if","locations":[{"start":{"line":69,"column":4},"end":{"line":70,"column":74}},{"start":{"line":69,"column":4},"end":{"line":70,"column":74}}],"line":69},"12":{"loc":{"start":{"line":90,"column":4},"end":{"line":91,"column":68}},"type":"if","locations":[{"start":{"line":90,"column":4},"end":{"line":91,"column":68}},{"start":{"line":90,"column":4},"end":{"line":91,"column":68}}],"line":90},"13":{"loc":{"start":{"line":90,"column":8},"end":{"line":90,"column":37}},"type":"binary-expr","locations":[{"start":{"line":90,"column":8},"end":{"line":90,"column":18}},{"start":{"line":90,"column":22},"end":{"line":90,"column":37}}],"line":90}},"s":{"0":1,"1":0,"2":1,"3":1,"4":0,"5":1,"6":0,"7":1,"8":1,"9":1,"10":1,"11":0,"12":3,"13":0,"14":3,"15":0,"16":3,"17":3,"18":0,"19":3,"20":0,"21":3,"22":3,"23":3,"24":3,"25":0,"26":1,"27":0,"28":1,"29":1,"30":0,"31":1,"32":1,"33":1,"34":0,"35":1,"36":0,"37":1,"38":1,"39":1,"40":1,"41":0,"42":0},"f":{"0":1,"1":1,"2":0,"3":3,"4":3,"5":0,"6":1,"7":1,"8":0,"9":1,"10":1,"11":0},"b":{"0":[0,1],"1":[1,0],"2":[0,1],"3":[1,1],"4":[0,3],"5":[3,3],"6":[0,3],"7":[3,0],"8":[0,3],"9":[3,3],"10":[0,1],"11":[1,0],"12":[0,1],"13":[1,1]},"_coverageSchema":"43e27e138ebf9cfc5966b082cf9a028302ed4184","hash":"534a7810623017f2a0d5c1d2128fbad01422162d"}
,"/Users/mohsen/Desktop/foodcoach2/patient-frontend/src/store/module-weight/getters.js": {"path":"/Users/mohsen/Desktop/foodcoach2/patient-frontend/src/store/module-weight/getters.js","statementMap":{"0":{"start":{"line":2,"column":4},"end":{"line":2,"column":25}},"1":{"start":{"line":6,"column":4},"end":{"line":6,"column":27}},"2":{"start":{"line":10,"column":4},"end":{"line":13,"column":18}},"3":{"start":{"line":11,"column":8},"end":{"line":13,"column":17}},"4":{"start":{"line":12,"column":12},"end":{"line":12,"column":37}}},"fnMap":{"0":{"name":"getWeights","decl":{"start":{"line":1,"column":16},"end":{"line":1,"column":26}},"loc":{"start":{"line":1,"column":34},"end":{"line":3,"column":1}},"line":1},"1":{"name":"getNewWeight","decl":{"start":{"line":5,"column":16},"end":{"line":5,"column":28}},"loc":{"start":{"line":5,"column":36},"end":{"line":7,"column":1}},"line":5},"2":{"name":"getDateExists","decl":{"start":{"line":9,"column":16},"end":{"line":9,"column":29}},"loc":{"start":{"line":9,"column":37},"end":{"line":14,"column":1}},"line":9},"3":{"name":"(anonymous_3)","decl":{"start":{"line":10,"column":11},"end":{"line":10,"column":12}},"loc":{"start":{"line":11,"column":8},"end":{"line":13,"column":17}},"line":11},"4":{"name":"(anonymous_4)","decl":{"start":{"line":11,"column":29},"end":{"line":11,"column":30}},"loc":{"start":{"line":11,"column":39},"end":{"line":13,"column":9}},"line":11}},"branchMap":{},"s":{"0":0,"1":0,"2":0,"3":0,"4":0},"f":{"0":0,"1":0,"2":0,"3":0,"4":0},"b":{},"_coverageSchema":"43e27e138ebf9cfc5966b082cf9a028302ed4184","hash":"1c2dc6aeb20457107787852f7aab9142bff2ae20"}
,"/Users/mohsen/Desktop/foodcoach2/patient-frontend/src/store/module-weight/index.js": {"path":"/Users/mohsen/Desktop/foodcoach2/patient-frontend/src/store/module-weight/index.js","statementMap":{},"fnMap":{},"branchMap":{},"s":{},"f":{},"b":{},"_coverageSchema":"43e27e138ebf9cfc5966b082cf9a028302ed4184","hash":"d858d893c0f8ad5082b54fc800f9103807b479c4"}
,"/Users/mohsen/Desktop/foodcoach2/patient-frontend/src/store/module-weight/mutations.js": {"path":"/Users/mohsen/Desktop/foodcoach2/patient-frontend/src/store/module-weight/mutations.js","statementMap":{"0":{"start":{"line":3,"column":23},"end":{"line":3,"column":39}},"1":{"start":{"line":4,"column":8},"end":{"line":4,"column":42}},"2":{"start":{"line":7,"column":4},"end":{"line":13,"column":5}},"3":{"start":{"line":8,"column":21},"end":{"line":8,"column":50}},"4":{"start":{"line":9,"column":8},"end":{"line":9,"column":46}},"5":{"start":{"line":9,"column":20},"end":{"line":9,"column":46}},"6":{"start":{"line":10,"column":8},"end":{"line":10,"column":37}},"7":{"start":{"line":12,"column":8},"end":{"line":12,"column":27}},"8":{"start":{"line":17,"column":4},"end":{"line":17,"column":37}},"9":{"start":{"line":18,"column":4},"end":{"line":22,"column":7}},"10":{"start":{"line":19,"column":20},"end":{"line":19,"column":35}},"11":{"start":{"line":20,"column":20},"end":{"line":20,"column":35}},"12":{"start":{"line":21,"column":8},"end":{"line":21,"column":29}},"13":{"start":{"line":26,"column":16},"end":{"line":26,"column":34}},"14":{"start":{"line":27,"column":26},"end":{"line":27,"column":46}},"15":{"start":{"line":29,"column":4},"end":{"line":29,"column":49}},"16":{"start":{"line":30,"column":4},"end":{"line":30,"column":49}},"17":{"start":{"line":34,"column":4},"end":{"line":34,"column":43}},"18":{"start":{"line":36,"column":4},"end":{"line":40,"column":7}},"19":{"start":{"line":37,"column":20},"end":{"line":37,"column":35}},"20":{"start":{"line":38,"column":20},"end":{"line":38,"column":35}},"21":{"start":{"line":39,"column":8},"end":{"line":39,"column":29}},"22":{"start":{"line":44,"column":16},"end":{"line":44,"column":34}},"23":{"start":{"line":45,"column":4},"end":{"line":45,"column":35}}},"fnMap":{"0":{"name":"SET_WEIGHING","decl":{"start":{"line":1,"column":16},"end":{"line":1,"column":28}},"loc":{"start":{"line":1,"column":50},"end":{"line":14,"column":1}},"line":1},"1":{"name":"isEditNull","decl":{"start":{"line":2,"column":13},"end":{"line":2,"column":23}},"loc":{"start":{"line":2,"column":32},"end":{"line":5,"column":5}},"line":2},"2":{"name":"ADD_WEIGHT","decl":{"start":{"line":16,"column":16},"end":{"line":16,"column":26}},"loc":{"start":{"line":16,"column":48},"end":{"line":23,"column":1}},"line":16},"3":{"name":"(anonymous_3)","decl":{"start":{"line":18,"column":23},"end":{"line":18,"column":24}},"loc":{"start":{"line":18,"column":39},"end":{"line":22,"column":5}},"line":18},"4":{"name":"EDIT_WEIGHT","decl":{"start":{"line":25,"column":16},"end":{"line":25,"column":27}},"loc":{"start":{"line":25,"column":49},"end":{"line":41,"column":1}},"line":25},"5":{"name":"(anonymous_5)","decl":{"start":{"line":36,"column":23},"end":{"line":36,"column":24}},"loc":{"start":{"line":36,"column":39},"end":{"line":40,"column":5}},"line":36},"6":{"name":"DELETE_WEIGHT","decl":{"start":{"line":43,"column":16},"end":{"line":43,"column":29}},"loc":{"start":{"line":43,"column":51},"end":{"line":46,"column":1}},"line":43}},"branchMap":{"0":{"loc":{"start":{"line":7,"column":4},"end":{"line":13,"column":5}},"type":"if","locations":[{"start":{"line":7,"column":4},"end":{"line":13,"column":5}},{"start":{"line":7,"column":4},"end":{"line":13,"column":5}}],"line":7},"1":{"loc":{"start":{"line":9,"column":8},"end":{"line":9,"column":46}},"type":"if","locations":[{"start":{"line":9,"column":8},"end":{"line":9,"column":46}},{"start":{"line":9,"column":8},"end":{"line":9,"column":46}}],"line":9}},"s":{"0":1,"1":1,"2":1,"3":1,"4":1,"5":1,"6":1,"7":0,"8":3,"9":3,"10":0,"11":0,"12":0,"13":1,"14":1,"15":1,"16":1,"17":1,"18":1,"19":0,"20":0,"21":0,"22":1,"23":1},"f":{"0":1,"1":1,"2":3,"3":0,"4":1,"5":0,"6":1},"b":{"0":[1,0],"1":[1,0]},"_coverageSchema":"43e27e138ebf9cfc5966b082cf9a028302ed4184","hash":"116a16723cbc30bfbd5fd18744248d2538ede74c"}
,"/Users/mohsen/Desktop/foodcoach2/patient-frontend/src/store/module-weight/state.js": {"path":"/Users/mohsen/Desktop/foodcoach2/patient-frontend/src/store/module-weight/state.js","statementMap":{"0":{"start":{"line":2,"column":4},"end":{"line":8,"column":6}}},"fnMap":{"0":{"name":"(anonymous_0)","decl":{"start":{"line":1,"column":15},"end":{"line":1,"column":16}},"loc":{"start":{"line":1,"column":27},"end":{"line":9,"column":1}},"line":1}},"branchMap":{},"s":{"0":4},"f":{"0":4},"b":{},"_coverageSchema":"43e27e138ebf9cfc5966b082cf9a028302ed4184","hash":"803f09640b2d52fb1540c8529c656f871af7aa13"}
,"/Users/mohsen/Desktop/foodcoach2/patient-frontend/tests/unit/mock-data-diary.js": {"path":"/Users/mohsen/Desktop/foodcoach2/patient-frontend/tests/unit/mock-data-diary.js","statementMap":{"0":{"start":{"line":4,"column":8},"end":{"line":4,"column":28}},"1":{"start":{"line":8,"column":8},"end":{"line":21,"column":10}},"2":{"start":{"line":26,"column":8},"end":{"line":39,"column":10}},"3":{"start":{"line":43,"column":8},"end":{"line":49,"column":10}},"4":{"start":{"line":55,"column":8},"end":{"line":68,"column":10}},"5":{"start":{"line":74,"column":8},"end":{"line":87,"column":10}},"6":{"start":{"line":92,"column":8},"end":{"line":98,"column":10}},"7":{"start":{"line":102,"column":8},"end":{"line":116,"column":10}},"8":{"start":{"line":120,"column":8},"end":{"line":194,"column":10}},"9":{"start":{"line":198,"column":8},"end":{"line":220,"column":10}},"10":{"start":{"line":224,"column":8},"end":{"line":261,"column":10}},"11":{"start":{"line":265,"column":8},"end":{"line":265,"column":54}},"12":{"start":{"line":269,"column":8},"end":{"line":347,"column":10}},"13":{"start":{"line":350,"column":8},"end":{"line":1077,"column":10}}},"fnMap":{"0":{"name":"(anonymous_0)","decl":{"start":{"line":3,"column":4},"end":{"line":3,"column":5}},"loc":{"start":{"line":3,"column":17},"end":{"line":5,"column":5}},"line":3},"1":{"name":"(anonymous_1)","decl":{"start":{"line":7,"column":4},"end":{"line":7,"column":5}},"loc":{"start":{"line":7,"column":28},"end":{"line":22,"column":5}},"line":7},"2":{"name":"(anonymous_2)","decl":{"start":{"line":25,"column":4},"end":{"line":25,"column":5}},"loc":{"start":{"line":25,"column":36},"end":{"line":40,"column":5}},"line":25},"3":{"name":"(anonymous_3)","decl":{"start":{"line":42,"column":4},"end":{"line":42,"column":5}},"loc":{"start":{"line":42,"column":43},"end":{"line":50,"column":5}},"line":42},"4":{"name":"(anonymous_4)","decl":{"start":{"line":54,"column":4},"end":{"line":54,"column":5}},"loc":{"start":{"line":54,"column":50},"end":{"line":69,"column":5}},"line":54},"5":{"name":"(anonymous_5)","decl":{"start":{"line":73,"column":4},"end":{"line":73,"column":5}},"loc":{"start":{"line":73,"column":42},"end":{"line":88,"column":5}},"line":73},"6":{"name":"(anonymous_6)","decl":{"start":{"line":91,"column":4},"end":{"line":91,"column":5}},"loc":{"start":{"line":91,"column":43},"end":{"line":99,"column":5}},"line":91},"7":{"name":"(anonymous_7)","decl":{"start":{"line":101,"column":4},"end":{"line":101,"column":5}},"loc":{"start":{"line":101,"column":24},"end":{"line":117,"column":5}},"line":101},"8":{"name":"(anonymous_8)","decl":{"start":{"line":119,"column":4},"end":{"line":119,"column":5}},"loc":{"start":{"line":119,"column":24},"end":{"line":195,"column":5}},"line":119},"9":{"name":"(anonymous_9)","decl":{"start":{"line":197,"column":4},"end":{"line":197,"column":5}},"loc":{"start":{"line":197,"column":20},"end":{"line":221,"column":5}},"line":197},"10":{"name":"(anonymous_10)","decl":{"start":{"line":223,"column":4},"end":{"line":223,"column":5}},"loc":{"start":{"line":223,"column":26},"end":{"line":262,"column":5}},"line":223},"11":{"name":"(anonymous_11)","decl":{"start":{"line":264,"column":4},"end":{"line":264,"column":5}},"loc":{"start":{"line":264,"column":21},"end":{"line":266,"column":5}},"line":264},"12":{"name":"(anonymous_12)","decl":{"start":{"line":268,"column":4},"end":{"line":268,"column":5}},"loc":{"start":{"line":268,"column":25},"end":{"line":348,"column":5}},"line":268},"13":{"name":"(anonymous_13)","decl":{"start":{"line":349,"column":4},"end":{"line":349,"column":5}},"loc":{"start":{"line":349,"column":38},"end":{"line":1078,"column":5}},"line":349}},"branchMap":{},"s":{"0":19,"1":0,"2":14,"3":3,"4":5,"5":3,"6":1,"7":0,"8":1,"9":2,"10":1,"11":2,"12":2,"13":1},"f":{"0":19,"1":0,"2":14,"3":3,"4":5,"5":3,"6":1,"7":0,"8":1,"9":2,"10":1,"11":2,"12":2,"13":1},"b":{},"_coverageSchema":"43e27e138ebf9cfc5966b082cf9a028302ed4184","hash":"b60939524aeed5ddaa45d47b6fba7d52edc717df"}
,"/Users/mohsen/Desktop/foodcoach2/patient-frontend/tests/unit/mock-data-diet.js": {"path":"/Users/mohsen/Desktop/foodcoach2/patient-frontend/tests/unit/mock-data-diet.js","statementMap":{"0":{"start":{"line":4,"column":8},"end":{"line":356,"column":10}}},"fnMap":{"0":{"name":"(anonymous_0)","decl":{"start":{"line":3,"column":4},"end":{"line":3,"column":5}},"loc":{"start":{"line":3,"column":29},"end":{"line":357,"column":5}},"line":3}},"branchMap":{},"s":{"0":4},"f":{"0":4},"b":{},"_coverageSchema":"43e27e138ebf9cfc5966b082cf9a028302ed4184","hash":"700e407d911419631dacbc5eec0d1124ccea7d99"}
,"/Users/mohsen/Desktop/foodcoach2/patient-frontend/tests/unit/mock-data-weight.js": {"path":"/Users/mohsen/Desktop/foodcoach2/patient-frontend/tests/unit/mock-data-weight.js","statementMap":{"0":{"start":{"line":3,"column":8},"end":{"line":41,"column":10}},"1":{"start":{"line":44,"column":8},"end":{"line":49,"column":10}},"2":{"start":{"line":52,"column":8},"end":{"line":58,"column":10}},"3":{"start":{"line":61,"column":8},"end":{"line":64,"column":10}}},"fnMap":{"0":{"name":"(anonymous_0)","decl":{"start":{"line":2,"column":4},"end":{"line":2,"column":5}},"loc":{"start":{"line":2,"column":28},"end":{"line":42,"column":5}},"line":2},"1":{"name":"(anonymous_1)","decl":{"start":{"line":43,"column":4},"end":{"line":43,"column":5}},"loc":{"start":{"line":43,"column":27},"end":{"line":50,"column":5}},"line":43},"2":{"name":"(anonymous_2)","decl":{"start":{"line":51,"column":4},"end":{"line":51,"column":5}},"loc":{"start":{"line":51,"column":31},"end":{"line":59,"column":5}},"line":51},"3":{"name":"(anonymous_3)","decl":{"start":{"line":60,"column":4},"end":{"line":60,"column":5}},"loc":{"start":{"line":60,"column":33},"end":{"line":65,"column":5}},"line":60}},"branchMap":{},"s":{"0":2,"1":4,"2":5,"3":2},"f":{"0":2,"1":4,"2":5,"3":2},"b":{},"_coverageSchema":"43e27e138ebf9cfc5966b082cf9a028302ed4184","hash":"1fbf4069666ca327d18911bfd16098cbd7599a5a"}
}
