TN:
SF:/Users/mohsen/Desktop/foodcoach2/patient-frontend/env.js
FNF:0
FNH:0
DA:5,1
LF:1
LH:1
BRDA:11,0,0,0
BRDA:11,0,1,1
BRF:2
BRH:1
end_of_record
TN:
SF:/Users/mohsen/Desktop/foodcoach2/patient-frontend/src/store/module-diary/actions.js
FN:7,setDiaryMeal
FN:59,(anonymous_1)
FN:75,setDiaryOverview
FN:105,(anonymous_3)
FN:111,getFoodById
FN:121,(anonymous_5)
FN:126,setDiaryRecommendedFoods
FN:137,(anonymous_7)
FN:141,(anonymous_8)
FN:146,getFoodSearchResults
FN:157,(anonymous_10)
FN:161,(anonymous_11)
FN:168,addConsumedFoodToDiaryMeal
FN:208,(anonymous_13)
FN:215,(anonymous_14)
FN:227,setOverviewDate
FN:232,modifyWater
FN:288,(anonymous_17)
FN:292,(anonymous_18)
FN:297,setOverviewSelectedMeal
FNF:20
FNH:17
FNDA:6,setDiaryMeal
FNDA:6,(anonymous_1)
FNDA:1,setDiaryOverview
FNDA:1,(anonymous_3)
FNDA:1,getFoodById
FNDA:0,(anonymous_5)
FNDA:1,setDiaryRecommendedFoods
FNDA:1,(anonymous_7)
FNDA:0,(anonymous_8)
FNDA:1,getFoodSearchResults
FNDA:1,(anonymous_10)
FNDA:0,(anonymous_11)
FNDA:8,addConsumedFoodToDiaryMeal
FNDA:5,(anonymous_13)
FNDA:1,(anonymous_14)
FNDA:7,setOverviewDate
FNDA:7,modifyWater
FNDA:2,(anonymous_17)
FNDA:1,(anonymous_18)
FNDA:1,setOverviewSelectedMeal
DA:5,1
DA:10,6
DA:15,0
DA:17,6
DA:25,6
DA:26,0
DA:31,6
DA:32,0
DA:33,6
DA:34,6
DA:36,0
DA:42,6
DA:43,0
DA:49,6
DA:56,6
DA:60,6
DA:61,6
DA:62,3
DA:65,6
DA:66,6
DA:67,6
DA:68,6
DA:69,6
DA:70,6
DA:71,6
DA:80,1
DA:81,0
DA:82,1
DA:83,1
DA:84,0
DA:90,1
DA:91,1
DA:92,0
DA:94,1
DA:100,0
DA:102,1
DA:106,1
DA:107,1
DA:112,1
DA:113,1
DA:115,1
DA:122,0
DA:127,1
DA:128,1
DA:130,1
DA:138,1
DA:139,1
DA:142,0
DA:147,1
DA:148,1
DA:150,1
DA:158,1
DA:159,1
DA:162,0
DA:165,1
DA:169,8
DA:174,0
DA:179,8
DA:180,0
DA:181,8
DA:182,7
DA:183,1
DA:185,7
DA:186,0
DA:192,7
DA:201,7
DA:202,6
DA:209,5
DA:213,5
DA:216,1
DA:222,1
DA:228,7
DA:229,7
DA:238,7
DA:239,7
DA:240,6
DA:242,1
DA:247,6
DA:248,5
DA:249,5
DA:250,2
DA:252,1
DA:256,1
DA:263,4
DA:264,0
DA:265,4
DA:266,3
DA:267,1
DA:269,3
DA:270,0
DA:273,3
DA:281,3
DA:289,2
DA:290,2
DA:293,1
DA:298,1
LF:96
LH:79
BRDA:5,0,0,1
BRDA:5,0,1,0
BRDA:10,1,0,0
BRDA:10,1,1,6
BRDA:11,2,0,6
BRDA:11,2,1,6
BRDA:11,2,2,6
BRDA:25,3,0,0
BRDA:25,3,1,6
BRDA:31,4,0,0
BRDA:31,4,1,6
BRDA:33,5,0,6
BRDA:33,5,1,0
BRDA:42,6,0,0
BRDA:42,6,1,6
BRDA:42,7,0,6
BRDA:42,7,1,6
BRDA:61,8,0,3
BRDA:61,8,1,3
BRDA:80,9,0,0
BRDA:80,9,1,1
BRDA:82,10,0,1
BRDA:82,10,1,0
BRDA:90,11,0,1
BRDA:90,11,1,0
BRDA:91,12,0,0
BRDA:91,12,1,1
BRDA:91,13,0,1
BRDA:91,13,1,1
BRDA:112,14,0,0
BRDA:112,14,1,1
BRDA:128,15,0,0
BRDA:128,15,1,1
BRDA:148,16,0,0
BRDA:148,16,1,1
BRDA:169,17,0,0
BRDA:169,17,1,8
BRDA:170,18,0,8
BRDA:170,18,1,8
BRDA:170,18,2,8
BRDA:179,19,0,0
BRDA:179,19,1,8
BRDA:181,20,0,7
BRDA:181,20,1,1
BRDA:185,21,0,0
BRDA:185,21,1,7
BRDA:185,22,0,7
BRDA:185,22,1,7
BRDA:201,23,0,6
BRDA:201,23,1,1
BRDA:238,24,0,0
BRDA:238,24,1,7
BRDA:239,25,0,6
BRDA:239,25,1,1
BRDA:247,26,0,5
BRDA:247,26,1,1
BRDA:249,27,0,3
BRDA:249,27,1,2
BRDA:250,28,0,1
BRDA:250,28,1,1
BRDA:263,29,0,0
BRDA:263,29,1,4
BRDA:265,30,0,3
BRDA:265,30,1,1
BRDA:269,31,0,0
BRDA:269,31,1,3
BRDA:269,32,0,3
BRDA:269,32,1,3
BRF:68
BRH:49
end_of_record
TN:
SF:/Users/mohsen/Desktop/foodcoach2/patient-frontend/src/store/module-diary/getters.js
FN:1,getDiaryMeal
FN:5,getDiaryOverview
FN:9,getDiaryMealRecommendedFoodsIds
FN:13,getDiaryMealRecommendedFoodDetails
FN:17,getFoodSearchResults
FN:21,getDiaryMealEatenFoods
FN:25,getDiaryOverviewWater
FN:29,getDiaryOverviewRecommendedCalories
FN:33,getOverviewDate
FN:37,getDiaryMealSkippedStatus
FNF:10
FNH:0
FNDA:0,getDiaryMeal
FNDA:0,getDiaryOverview
FNDA:0,getDiaryMealRecommendedFoodsIds
FNDA:0,getDiaryMealRecommendedFoodDetails
FNDA:0,getFoodSearchResults
FNDA:0,getDiaryMealEatenFoods
FNDA:0,getDiaryOverviewWater
FNDA:0,getDiaryOverviewRecommendedCalories
FNDA:0,getOverviewDate
FNDA:0,getDiaryMealSkippedStatus
DA:2,0
DA:6,0
DA:10,0
DA:14,0
DA:18,0
DA:22,0
DA:26,0
DA:30,0
DA:34,0
DA:38,0
LF:10
LH:0
BRF:0
BRH:0
end_of_record
TN:
SF:/Users/mohsen/Desktop/foodcoach2/patient-frontend/src/store/module-diary/index.js
FNF:0
FNH:0
LF:0
LH:0
BRF:0
BRH:0
end_of_record
TN:
SF:/Users/mohsen/Desktop/foodcoach2/patient-frontend/src/store/module-diary/mutations.js
FN:1,SET_DIARY_MEAL
FN:5,SET_FOODS
FN:9,SET_DIARY_OVERVIEW
FN:13,SET_RECOMMENDED_FOODS
FN:17,ADD_CONSUMED_FOOD_TO_DIARY_Meal
FN:26,(anonymous_5)
FN:27,(anonymous_6)
FN:29,(anonymous_7)
FN:31,(anonymous_8)
FN:38,(anonymous_9)
FN:40,(anonymous_10)
FN:61,SET_OVERVIEW_DATE
FN:65,ADD_WATER
FN:70,REMOVE_WATER
FN:75,SET_OVERVIEW_SELECTED_MEAL
FNF:15
FNH:15
FNDA:6,SET_DIARY_MEAL
FNDA:1,SET_FOODS
FNDA:1,SET_DIARY_OVERVIEW
FNDA:1,SET_RECOMMENDED_FOODS
FNDA:5,ADD_CONSUMED_FOOD_TO_DIARY_Meal
FNDA:3,(anonymous_5)
FNDA:2,(anonymous_6)
FNDA:2,(anonymous_7)
FNDA:2,(anonymous_8)
FNDA:3,(anonymous_9)
FNDA:1,(anonymous_10)
FNDA:7,SET_OVERVIEW_DATE
FNDA:1,ADD_WATER
FNDA:1,REMOVE_WATER
FNDA:1,SET_OVERVIEW_SELECTED_MEAL
DA:2,6
DA:6,1
DA:10,1
DA:14,1
DA:18,5
DA:19,1
DA:21,4
DA:25,4
DA:27,3
DA:29,4
DA:30,2
DA:31,2
DA:33,2
DA:38,4
DA:39,3
DA:40,1
DA:45,3
DA:46,2
DA:51,1
DA:52,1
DA:62,7
DA:66,1
DA:67,1
DA:71,1
DA:72,1
DA:76,1
LF:26
LH:26
BRDA:18,0,0,1
BRDA:18,0,1,4
BRDA:45,1,0,2
BRDA:45,1,1,1
BRF:4
BRH:4
end_of_record
TN:
SF:/Users/mohsen/Desktop/foodcoach2/patient-frontend/src/store/module-diary/state.js
FN:1,(anonymous_0)
FNF:1
FNH:1
FNDA:18,(anonymous_0)
DA:2,18
LF:1
LH:1
BRF:0
BRH:0
end_of_record
TN:
SF:/Users/mohsen/Desktop/foodcoach2/patient-frontend/src/store/module-diet/actions.js
FN:3,getDietPlan
FN:4,(anonymous_1)
FN:9,(anonymous_2)
FN:13,(anonymous_3)
FNF:4
FNH:4
FNDA:2,getDietPlan
FNDA:2,(anonymous_1)
FNDA:1,(anonymous_2)
FNDA:1,(anonymous_3)
DA:4,2
DA:5,2
DA:10,1
DA:11,1
DA:14,1
DA:18,2
LF:6
LH:6
BRF:0
BRH:0
end_of_record
TN:
SF:/Users/mohsen/Desktop/foodcoach2/patient-frontend/src/store/module-diet/getters.js
FN:1,getDietPlan
FN:5,getPatientFullName
FN:9,getPatientName
FN:13,getTrialId
FNF:4
FNH:0
FNDA:0,getDietPlan
FNDA:0,getPatientFullName
FNDA:0,getPatientName
FNDA:0,getTrialId
DA:2,0
DA:6,0
DA:10,0
DA:14,0
LF:4
LH:0
BRF:0
BRH:0
end_of_record
TN:
SF:/Users/mohsen/Desktop/foodcoach2/patient-frontend/src/store/module-diet/index.js
FNF:0
FNH:0
LF:0
LH:0
BRF:0
BRH:0
end_of_record
TN:
SF:/Users/mohsen/Desktop/foodcoach2/patient-frontend/src/store/module-diet/mutations.js
FN:1,SET_DIET_PLAN
FN:41,(anonymous_1)
FN:43,(anonymous_2)
FN:70,(anonymous_3)
FN:73,(anonymous_4)
FNF:5
FNH:5
FNDA:1,SET_DIET_PLAN
FNDA:8,(anonymous_1)
FNDA:56,(anonymous_2)
FNDA:35,(anonymous_3)
FNDA:41,(anonymous_4)
DA:5,1
DA:10,1
DA:41,1
DA:42,8
DA:43,8
DA:44,56
DA:47,8
DA:51,1
DA:53,1
DA:54,12
DA:55,1
DA:56,11
DA:57,1
DA:58,10
DA:59,1
DA:60,9
DA:61,1
DA:62,8
DA:63,7
DA:64,7
DA:66,7
DA:67,7
DA:68,7
DA:70,7
DA:71,35
DA:72,35
DA:73,35
DA:74,41
DA:77,35
DA:78,35
DA:79,35
DA:80,35
DA:81,35
DA:83,7
DA:84,7
DA:108,1
DA:109,1
DA:110,1
DA:111,1
DA:112,1
LF:40
LH:40
BRDA:54,0,0,1
BRDA:54,0,1,11
BRDA:56,1,0,1
BRDA:56,1,1,10
BRDA:58,2,0,1
BRDA:58,2,1,9
BRDA:60,3,0,1
BRDA:60,3,1,8
BRDA:62,4,0,7
BRDA:62,4,1,1
BRF:10
BRH:10
end_of_record
TN:
SF:/Users/mohsen/Desktop/foodcoach2/patient-frontend/src/store/module-diet/state.js
FN:1,(anonymous_0)
FNF:1
FNH:1
FNDA:2,(anonymous_0)
DA:2,2
LF:1
LH:1
BRF:0
BRH:0
end_of_record
TN:
SF:/Users/mohsen/Desktop/foodcoach2/patient-frontend/src/store/module-nav/actions.js
FN:1,setCurrentPage
FN:5,removeCurrentPage
FN:9,removeAllHistory
FN:13,setNavWarning
FN:17,setSnackAlert
FNF:5
FNH:5
FNDA:10,setCurrentPage
FNDA:1,removeCurrentPage
FNDA:1,removeAllHistory
FNDA:1,setNavWarning
FNDA:2,setSnackAlert
DA:2,10
DA:6,1
DA:10,1
DA:14,1
DA:18,2
LF:5
LH:5
BRF:0
BRH:0
end_of_record
TN:
SF:/Users/mohsen/Desktop/foodcoach2/patient-frontend/src/store/module-nav/getters.js
FN:1,getNavigationObject
FNF:1
FNH:0
FNDA:0,getNavigationObject
DA:2,0
DA:3,0
DA:4,0
DA:7,0
LF:4
LH:0
BRDA:2,0,0,0
BRDA:2,0,1,0
BRF:2
BRH:0
end_of_record
TN:
SF:/Users/mohsen/Desktop/foodcoach2/patient-frontend/src/store/module-nav/index.js
FNF:0
FNH:0
LF:0
LH:0
BRF:0
BRH:0
end_of_record
TN:
SF:/Users/mohsen/Desktop/foodcoach2/patient-frontend/src/store/module-nav/mutations.js
FN:1,SET_PAGE
FN:5,REMOVE_PAGE
FN:9,REMOVE_ALL_HISTORY
FN:13,SET_NAV_WARNING
FN:21,SET_SNACK_ALERT
FNF:5
FNH:5
FNDA:10,SET_PAGE
FNDA:1,REMOVE_PAGE
FNDA:1,REMOVE_ALL_HISTORY
FNDA:1,SET_NAV_WARNING
FNDA:2,SET_SNACK_ALERT
DA:2,10
DA:6,1
DA:10,1
DA:14,1
DA:15,1
DA:16,1
DA:17,1
DA:22,2
DA:23,2
DA:24,2
DA:25,2
LF:11
LH:11
BRDA:15,0,0,1
BRDA:15,0,1,0
BRDA:23,1,0,2
BRDA:23,1,1,0
BRF:4
BRH:2
end_of_record
TN:
SF:/Users/mohsen/Desktop/foodcoach2/patient-frontend/src/store/module-nav/state.js
FN:1,(anonymous_0)
FNF:1
FNH:1
FNDA:6,(anonymous_0)
DA:2,6
LF:1
LH:1
BRF:0
BRH:0
end_of_record
TN:
SF:/Users/mohsen/Desktop/foodcoach2/patient-frontend/src/store/module-weight/actions.js
FN:3,getWeights
FN:21,(anonymous_1)
FN:25,(anonymous_2)
FN:32,addWeight
FN:54,(anonymous_4)
FN:58,(anonymous_5)
FN:65,editWeight
FN:78,(anonymous_7)
FN:82,(anonymous_8)
FN:89,deleteWeight
FN:99,(anonymous_10)
FN:103,(anonymous_11)
FNF:12
FNH:8
FNDA:1,getWeights
FNDA:1,(anonymous_1)
FNDA:0,(anonymous_2)
FNDA:3,addWeight
FNDA:3,(anonymous_4)
FNDA:0,(anonymous_5)
FNDA:1,editWeight
FNDA:1,(anonymous_7)
FNDA:0,(anonymous_8)
FNDA:1,deleteWeight
FNDA:1,(anonymous_10)
FNDA:0,(anonymous_11)
DA:5,1
DA:6,0
DA:7,1
DA:8,1
DA:9,0
DA:13,1
DA:14,0
DA:15,1
DA:17,1
DA:22,1
DA:23,1
DA:26,0
DA:33,3
DA:34,0
DA:37,3
DA:38,0
DA:39,3
DA:40,3
DA:41,0
DA:44,3
DA:45,0
DA:46,3
DA:48,3
DA:55,3
DA:56,3
DA:59,0
DA:66,1
DA:69,1
DA:70,0
DA:72,1
DA:79,1
DA:80,1
DA:83,0
DA:90,1
DA:91,0
DA:95,1
DA:97,1
DA:100,1
DA:101,1
DA:104,0
DA:105,0
LF:41
LH:27
BRDA:5,0,0,0
BRDA:5,0,1,1
BRDA:7,1,0,1
BRDA:7,1,1,0
BRDA:13,2,0,0
BRDA:13,2,1,1
BRDA:13,3,0,1
BRDA:13,3,1,1
BRDA:33,4,0,0
BRDA:33,4,1,3
BRDA:33,5,0,3
BRDA:33,5,1,3
BRDA:37,6,0,0
BRDA:37,6,1,3
BRDA:39,7,0,3
BRDA:39,7,1,0
BRDA:44,8,0,0
BRDA:44,8,1,3
BRDA:44,9,0,3
BRDA:44,9,1,3
BRDA:66,10,0,0
BRDA:66,10,1,1
BRDA:69,11,0,1
BRDA:69,11,1,0
BRDA:90,12,0,0
BRDA:90,12,1,1
BRDA:90,13,0,1
BRDA:90,13,1,1
BRF:28
BRH:18
end_of_record
TN:
SF:/Users/mohsen/Desktop/foodcoach2/patient-frontend/src/store/module-weight/getters.js
FN:1,getWeights
FN:5,getNewWeight
FN:9,getDateExists
FN:10,(anonymous_3)
FN:11,(anonymous_4)
FNF:5
FNH:0
FNDA:0,getWeights
FNDA:0,getNewWeight
FNDA:0,getDateExists
FNDA:0,(anonymous_3)
FNDA:0,(anonymous_4)
DA:2,0
DA:6,0
DA:10,0
DA:11,0
DA:12,0
LF:5
LH:0
BRF:0
BRH:0
end_of_record
TN:
SF:/Users/mohsen/Desktop/foodcoach2/patient-frontend/src/store/module-weight/index.js
FNF:0
FNH:0
LF:0
LH:0
BRF:0
BRH:0
end_of_record
TN:
SF:/Users/mohsen/Desktop/foodcoach2/patient-frontend/src/store/module-weight/mutations.js
FN:1,SET_WEIGHING
FN:2,isEditNull
FN:16,ADD_WEIGHT
FN:18,(anonymous_3)
FN:25,EDIT_WEIGHT
FN:36,(anonymous_5)
FN:43,DELETE_WEIGHT
FNF:7
FNH:5
FNDA:1,SET_WEIGHING
FNDA:1,isEditNull
FNDA:3,ADD_WEIGHT
FNDA:0,(anonymous_3)
FNDA:1,EDIT_WEIGHT
FNDA:0,(anonymous_5)
FNDA:1,DELETE_WEIGHT
DA:3,1
DA:4,1
DA:7,1
DA:8,1
DA:9,1
DA:10,1
DA:12,0
DA:17,3
DA:18,3
DA:19,0
DA:20,0
DA:21,0
DA:26,1
DA:27,1
DA:29,1
DA:30,1
DA:34,1
DA:36,1
DA:37,0
DA:38,0
DA:39,0
DA:44,1
DA:45,1
LF:23
LH:16
BRDA:7,0,0,1
BRDA:7,0,1,0
BRDA:9,1,0,1
BRDA:9,1,1,0
BRF:4
BRH:2
end_of_record
TN:
SF:/Users/mohsen/Desktop/foodcoach2/patient-frontend/src/store/module-weight/state.js
FN:1,(anonymous_0)
FNF:1
FNH:1
FNDA:4,(anonymous_0)
DA:2,4
LF:1
LH:1
BRF:0
BRH:0
end_of_record
TN:
SF:/Users/mohsen/Desktop/foodcoach2/patient-frontend/tests/unit/mock-data-diary.js
FN:3,(anonymous_0)
FN:7,(anonymous_1)
FN:25,(anonymous_2)
FN:42,(anonymous_3)
FN:54,(anonymous_4)
FN:73,(anonymous_5)
FN:91,(anonymous_6)
FN:101,(anonymous_7)
FN:119,(anonymous_8)
FN:197,(anonymous_9)
FN:223,(anonymous_10)
FN:264,(anonymous_11)
FN:268,(anonymous_12)
FN:349,(anonymous_13)
FNF:14
FNH:12
FNDA:19,(anonymous_0)
FNDA:0,(anonymous_1)
FNDA:14,(anonymous_2)
FNDA:3,(anonymous_3)
FNDA:5,(anonymous_4)
FNDA:3,(anonymous_5)
FNDA:1,(anonymous_6)
FNDA:0,(anonymous_7)
FNDA:1,(anonymous_8)
FNDA:2,(anonymous_9)
FNDA:1,(anonymous_10)
FNDA:2,(anonymous_11)
FNDA:2,(anonymous_12)
FNDA:1,(anonymous_13)
DA:4,19
DA:8,0
DA:26,14
DA:43,3
DA:55,5
DA:74,3
DA:92,1
DA:102,0
DA:120,1
DA:198,2
DA:224,1
DA:265,2
DA:269,2
DA:350,1
LF:14
LH:12
BRF:0
BRH:0
end_of_record
TN:
SF:/Users/mohsen/Desktop/foodcoach2/patient-frontend/tests/unit/mock-data-diet.js
FN:3,(anonymous_0)
FNF:1
FNH:1
FNDA:4,(anonymous_0)
DA:4,4
LF:1
LH:1
BRF:0
BRH:0
end_of_record
TN:
SF:/Users/mohsen/Desktop/foodcoach2/patient-frontend/tests/unit/mock-data-weight.js
FN:2,(anonymous_0)
FN:43,(anonymous_1)
FN:51,(anonymous_2)
FN:60,(anonymous_3)
FNF:4
FNH:4
FNDA:2,(anonymous_0)
FNDA:4,(anonymous_1)
FNDA:5,(anonymous_2)
FNDA:2,(anonymous_3)
DA:3,2
DA:44,4
DA:52,5
DA:61,2
LF:4
LH:4
BRF:0
BRH:0
end_of_record
